2020-12-11 12:14:18,254 [Worker-5: Loading available Gradle versions] INFO  o.e.b.c.i.u.g.PublishedGradleVersions - Gradle version information cache is up-to-date. Trying to read.
2020-12-11 14:34:28,333 [Worker-4: Loading available Gradle versions] INFO  o.e.b.c.i.u.g.PublishedGradleVersions - Gradle version information cache is up-to-date. Trying to read.
2020-12-11 19:46:07,383 [Worker-12: Loading available Gradle versions] INFO  o.e.b.c.i.u.g.PublishedGradleVersions - Gradle version information cache is up-to-date. Trying to read.
2020-12-11 23:26:22,741 [Worker-9: Loading available Gradle versions] INFO  o.e.b.c.i.u.g.PublishedGradleVersions - Gradle version information cache is up-to-date. Trying to read.
2020-12-12 03:05:35,955 [main] ERROR o.e.m.j.i.JavaElementsAdapterFactory - Can't find artifact for /root/Downloads/jdatepicker-1.3.4.jar
  <default> (...)
  org (...)
  org.jdatepicker.util (...)
  org.jdatepicker.i18n (...)
  org.jdatepicker (...)
  org.jdatepicker.impl (...)
  org.jdatepicker.graphics (...)
org.eclipse.core.runtime.CoreException: Search error
	at org.eclipse.m2e.core.internal.index.nexus.NexusIndexManager.identify(NexusIndexManager.java:304)
	at org.eclipse.m2e.core.internal.index.nexus.NexusIndex.identify(NexusIndex.java:143)
	at org.eclipse.m2e.core.internal.index.nexus.CompositeIndex.identifyAll(CompositeIndex.java:69)
	at org.eclipse.m2e.core.internal.index.nexus.CompositeIndex.identify(CompositeIndex.java:61)
	at org.eclipse.m2e.jdt.internal.BuildPathManager.findArtifactInIndex(BuildPathManager.java:478)
	at org.eclipse.m2e.jdt.internal.BuildPathManager.findArtifacts(BuildPathManager.java:422)
	at org.eclipse.m2e.jdt.internal.BuildPathManager.findArtifact(BuildPathManager.java:440)
	at org.eclipse.m2e.jdt.internal.JavaElementsAdapterFactory.getAdapter(JavaElementsAdapterFactory.java:60)
	at org.eclipse.core.internal.adapter.AdapterFactoryProxy.lambda$5(AdapterFactoryProxy.java:111)
	at java.base/java.util.Optional.map(Optional.java:265)
	at org.eclipse.core.internal.adapter.AdapterFactoryProxy.getAdapter(AdapterFactoryProxy.java:111)
	at org.eclipse.core.internal.runtime.AdapterManager.getAdapter(AdapterManager.java:299)
	at org.eclipse.core.runtime.PlatformObject.getAdapter(PlatformObject.java:72)
	at org.eclipse.m2e.core.ui.internal.actions.SelectionUtil.getType(SelectionUtil.java:151)
	at org.eclipse.m2e.core.ui.internal.actions.MavenPropertyTester.test(MavenPropertyTester.java:73)
	at org.eclipse.core.internal.expressions.Property.test(Property.java:65)
	at org.eclipse.core.expressions.TestExpression.evaluate(TestExpression.java:107)
	at org.eclipse.core.expressions.CompositeExpression.evaluateAnd(CompositeExpression.java:54)
	at org.eclipse.core.expressions.AndExpression.evaluate(AndExpression.java:36)
	at org.eclipse.core.expressions.CompositeExpression.evaluateAnd(CompositeExpression.java:54)
	at org.eclipse.core.internal.expressions.EnablementExpression.evaluate(EnablementExpression.java:59)
	at org.eclipse.ui.internal.ObjectActionContributor$ObjectContribution.isApplicableTo(ObjectActionContributor.java:353)
	at org.eclipse.ui.internal.ObjectActionContributor.isApplicableTo(ObjectActionContributor.java:226)
	at org.eclipse.ui.internal.ObjectContributorManager.isApplicableTo(ObjectContributorManager.java:300)
	at org.eclipse.ui.internal.ObjectActionContributorManager.contributeObjectActions(ObjectActionContributorManager.java:89)
	at org.eclipse.ui.internal.PopupMenuExtender.addObjectActions(PopupMenuExtender.java:295)
	at org.eclipse.ui.internal.PopupMenuExtender.menuAboutToShow(PopupMenuExtender.java:367)
	at org.eclipse.jface.action.MenuManager.fireAboutToShow(MenuManager.java:338)
	at org.eclipse.jface.action.MenuManager.handleAboutToShow(MenuManager.java:468)
	at org.eclipse.jface.action.MenuManager.access$1(MenuManager.java:463)
	at org.eclipse.jface.action.MenuManager$2.menuShown(MenuManager.java:495)
	at org.eclipse.swt.widgets.TypedListener.handleEvent(TypedListener.java:259)
	at org.eclipse.swt.widgets.EventTable.sendEvent(EventTable.java:89)
	at org.eclipse.swt.widgets.Display.sendEvent(Display.java:5745)
	at org.eclipse.swt.widgets.Widget.sendEvent(Widget.java:1427)
	at org.eclipse.swt.widgets.Widget.sendEvent(Widget.java:1453)
	at org.eclipse.swt.widgets.Widget.sendEvent(Widget.java:1432)
	at org.eclipse.swt.widgets.Menu._setVisible(Menu.java:243)
	at org.eclipse.swt.widgets.Display.runPopups(Display.java:5055)
	at org.eclipse.swt.widgets.Display.readAndDispatch(Display.java:4497)
	at org.eclipse.e4.ui.internal.workbench.swt.PartRenderingEngine$5.run(PartRenderingEngine.java:1157)
	at org.eclipse.core.databinding.observable.Realm.runWithDefault(Realm.java:338)
	at org.eclipse.e4.ui.internal.workbench.swt.PartRenderingEngine.run(PartRenderingEngine.java:1046)
	at org.eclipse.e4.ui.internal.workbench.E4Workbench.createAndRunUI(E4Workbench.java:155)
	at org.eclipse.ui.internal.Workbench.lambda$3(Workbench.java:644)
	at org.eclipse.core.databinding.observable.Realm.runWithDefault(Realm.java:338)
	at org.eclipse.ui.internal.Workbench.createAndRunWorkbench(Workbench.java:551)
	at org.eclipse.ui.PlatformUI.createAndRunWorkbench(PlatformUI.java:153)
	at org.eclipse.ui.internal.ide.application.IDEApplication.start(IDEApplication.java:150)
	at org.eclipse.equinox.internal.app.EclipseAppHandle.run(EclipseAppHandle.java:203)
	at org.eclipse.core.runtime.internal.adaptor.EclipseAppLauncher.runApplication(EclipseAppLauncher.java:134)
	at org.eclipse.core.runtime.internal.adaptor.EclipseAppLauncher.start(EclipseAppLauncher.java:104)
	at org.eclipse.core.runtime.adaptor.EclipseStarter.run(EclipseStarter.java:401)
	at org.eclipse.core.runtime.adaptor.EclipseStarter.run(EclipseStarter.java:255)
	at java.base/jdk.internal.reflect.NativeMethodAccessorImpl.invoke0(Native Method)
	at java.base/jdk.internal.reflect.NativeMethodAccessorImpl.invoke(NativeMethodAccessorImpl.java:62)
	at java.base/jdk.internal.reflect.DelegatingMethodAccessorImpl.invoke(DelegatingMethodAccessorImpl.java:43)
	at java.base/java.lang.reflect.Method.invoke(Method.java:566)
	at org.eclipse.equinox.launcher.Main.invokeFramework(Main.java:657)
	at org.eclipse.equinox.launcher.Main.basicRun(Main.java:594)
	at org.eclipse.equinox.launcher.Main.run(Main.java:1465)
	at org.eclipse.equinox.launcher.Main.main(Main.java:1438)
Caused by: java.io.FileNotFoundException: /root/Downloads/jdatepicker-1.3.4.jar (No such file or directory)
	at java.base/java.io.FileInputStream.open0(Native Method)
	at java.base/java.io.FileInputStream.open(FileInputStream.java:219)
	at java.base/java.io.FileInputStream.<init>(FileInputStream.java:157)
	at org.eclipse.m2e.core.internal.index.nexus.NexusIndexManager.identify(NexusIndexManager.java:1263)
	at org.eclipse.m2e.core.internal.index.nexus.NexusIndexManager.identify(NexusIndexManager.java:301)
	... 61 common frames omitted
2020-12-12 03:05:36,203 [main] ERROR o.e.m.j.i.JavaElementsAdapterFactory - Can't find artifact for /root/Downloads/jdatepicker-1.3.4.jar
  <default> (...)
  org (...)
  org.jdatepicker.util (...)
  org.jdatepicker.i18n (...)
  org.jdatepicker (...)
  org.jdatepicker.impl (...)
  org.jdatepicker.graphics (...)
org.eclipse.core.runtime.CoreException: Search error
	at org.eclipse.m2e.core.internal.index.nexus.NexusIndexManager.identify(NexusIndexManager.java:304)
	at org.eclipse.m2e.core.internal.index.nexus.NexusIndex.identify(NexusIndex.java:143)
	at org.eclipse.m2e.core.internal.index.nexus.CompositeIndex.identifyAll(CompositeIndex.java:69)
	at org.eclipse.m2e.core.internal.index.nexus.CompositeIndex.identify(CompositeIndex.java:61)
	at org.eclipse.m2e.jdt.internal.BuildPathManager.findArtifactInIndex(BuildPathManager.java:478)
	at org.eclipse.m2e.jdt.internal.BuildPathManager.findArtifacts(BuildPathManager.java:422)
	at org.eclipse.m2e.jdt.internal.BuildPathManager.findArtifact(BuildPathManager.java:440)
	at org.eclipse.m2e.jdt.internal.JavaElementsAdapterFactory.getAdapter(JavaElementsAdapterFactory.java:60)
	at org.eclipse.core.internal.adapter.AdapterFactoryProxy.lambda$5(AdapterFactoryProxy.java:111)
	at java.base/java.util.Optional.map(Optional.java:265)
	at org.eclipse.core.internal.adapter.AdapterFactoryProxy.getAdapter(AdapterFactoryProxy.java:111)
	at org.eclipse.core.internal.runtime.AdapterManager.getAdapter(AdapterManager.java:299)
	at org.eclipse.m2e.core.ui.internal.actions.SelectionUtil.getType(SelectionUtil.java:156)
	at org.eclipse.m2e.core.ui.internal.actions.MavenPropertyTester.test(MavenPropertyTester.java:73)
	at org.eclipse.core.internal.expressions.Property.test(Property.java:65)
	at org.eclipse.core.expressions.TestExpression.evaluate(TestExpression.java:107)
	at org.eclipse.core.expressions.CompositeExpression.evaluateAnd(CompositeExpression.java:54)
	at org.eclipse.core.expressions.AndExpression.evaluate(AndExpression.java:36)
	at org.eclipse.core.expressions.CompositeExpression.evaluateAnd(CompositeExpression.java:54)
	at org.eclipse.core.internal.expressions.EnablementExpression.evaluate(EnablementExpression.java:59)
	at org.eclipse.ui.internal.ObjectActionContributor$ObjectContribution.isApplicableTo(ObjectActionContributor.java:353)
	at org.eclipse.ui.internal.ObjectActionContributor.isApplicableTo(ObjectActionContributor.java:226)
	at org.eclipse.ui.internal.ObjectContributorManager.isApplicableTo(ObjectContributorManager.java:300)
	at org.eclipse.ui.internal.ObjectActionContributorManager.contributeObjectActions(ObjectActionContributorManager.java:89)
	at org.eclipse.ui.internal.PopupMenuExtender.addObjectActions(PopupMenuExtender.java:295)
	at org.eclipse.ui.internal.PopupMenuExtender.menuAboutToShow(PopupMenuExtender.java:367)
	at org.eclipse.jface.action.MenuManager.fireAboutToShow(MenuManager.java:338)
	at org.eclipse.jface.action.MenuManager.handleAboutToShow(MenuManager.java:468)
	at org.eclipse.jface.action.MenuManager.access$1(MenuManager.java:463)
	at org.eclipse.jface.action.MenuManager$2.menuShown(MenuManager.java:495)
	at org.eclipse.swt.widgets.TypedListener.handleEvent(TypedListener.java:259)
	at org.eclipse.swt.widgets.EventTable.sendEvent(EventTable.java:89)
	at org.eclipse.swt.widgets.Display.sendEvent(Display.java:5745)
	at org.eclipse.swt.widgets.Widget.sendEvent(Widget.java:1427)
	at org.eclipse.swt.widgets.Widget.sendEvent(Widget.java:1453)
	at org.eclipse.swt.widgets.Widget.sendEvent(Widget.java:1432)
	at org.eclipse.swt.widgets.Menu._setVisible(Menu.java:243)
	at org.eclipse.swt.widgets.Display.runPopups(Display.java:5055)
	at org.eclipse.swt.widgets.Display.readAndDispatch(Display.java:4497)
	at org.eclipse.e4.ui.internal.workbench.swt.PartRenderingEngine$5.run(PartRenderingEngine.java:1157)
	at org.eclipse.core.databinding.observable.Realm.runWithDefault(Realm.java:338)
	at org.eclipse.e4.ui.internal.workbench.swt.PartRenderingEngine.run(PartRenderingEngine.java:1046)
	at org.eclipse.e4.ui.internal.workbench.E4Workbench.createAndRunUI(E4Workbench.java:155)
	at org.eclipse.ui.internal.Workbench.lambda$3(Workbench.java:644)
	at org.eclipse.core.databinding.observable.Realm.runWithDefault(Realm.java:338)
	at org.eclipse.ui.internal.Workbench.createAndRunWorkbench(Workbench.java:551)
	at org.eclipse.ui.PlatformUI.createAndRunWorkbench(PlatformUI.java:153)
	at org.eclipse.ui.internal.ide.application.IDEApplication.start(IDEApplication.java:150)
	at org.eclipse.equinox.internal.app.EclipseAppHandle.run(EclipseAppHandle.java:203)
	at org.eclipse.core.runtime.internal.adaptor.EclipseAppLauncher.runApplication(EclipseAppLauncher.java:134)
	at org.eclipse.core.runtime.internal.adaptor.EclipseAppLauncher.start(EclipseAppLauncher.java:104)
	at org.eclipse.core.runtime.adaptor.EclipseStarter.run(EclipseStarter.java:401)
	at org.eclipse.core.runtime.adaptor.EclipseStarter.run(EclipseStarter.java:255)
	at java.base/jdk.internal.reflect.NativeMethodAccessorImpl.invoke0(Native Method)
	at java.base/jdk.internal.reflect.NativeMethodAccessorImpl.invoke(NativeMethodAccessorImpl.java:62)
	at java.base/jdk.internal.reflect.DelegatingMethodAccessorImpl.invoke(DelegatingMethodAccessorImpl.java:43)
	at java.base/java.lang.reflect.Method.invoke(Method.java:566)
	at org.eclipse.equinox.launcher.Main.invokeFramework(Main.java:657)
	at org.eclipse.equinox.launcher.Main.basicRun(Main.java:594)
	at org.eclipse.equinox.launcher.Main.run(Main.java:1465)
	at org.eclipse.equinox.launcher.Main.main(Main.java:1438)
Caused by: java.io.FileNotFoundException: /root/Downloads/jdatepicker-1.3.4.jar (No such file or directory)
	at java.base/java.io.FileInputStream.open0(Native Method)
	at java.base/java.io.FileInputStream.open(FileInputStream.java:219)
	at java.base/java.io.FileInputStream.<init>(FileInputStream.java:157)
	at org.eclipse.m2e.core.internal.index.nexus.NexusIndexManager.identify(NexusIndexManager.java:1263)
	at org.eclipse.m2e.core.internal.index.nexus.NexusIndexManager.identify(NexusIndexManager.java:301)
	... 60 common frames omitted
2020-12-12 03:05:36,210 [main] ERROR o.e.m.j.i.JavaElementsAdapterFactory - Can't find artifact for /root/Downloads/jdatepicker-1.3.4.jar
  <default> (...)
  org (...)
  org.jdatepicker.util (...)
  org.jdatepicker.i18n (...)
  org.jdatepicker (...)
  org.jdatepicker.impl (...)
  org.jdatepicker.graphics (...)
org.eclipse.core.runtime.CoreException: Search error
	at org.eclipse.m2e.core.internal.index.nexus.NexusIndexManager.identify(NexusIndexManager.java:304)
	at org.eclipse.m2e.core.internal.index.nexus.NexusIndex.identify(NexusIndex.java:143)
	at org.eclipse.m2e.core.internal.index.nexus.CompositeIndex.identifyAll(CompositeIndex.java:69)
	at org.eclipse.m2e.core.internal.index.nexus.CompositeIndex.identify(CompositeIndex.java:61)
	at org.eclipse.m2e.jdt.internal.BuildPathManager.findArtifactInIndex(BuildPathManager.java:478)
	at org.eclipse.m2e.jdt.internal.BuildPathManager.findArtifacts(BuildPathManager.java:422)
	at org.eclipse.m2e.jdt.internal.BuildPathManager.findArtifact(BuildPathManager.java:440)
	at org.eclipse.m2e.jdt.internal.JavaElementsAdapterFactory.getAdapter(JavaElementsAdapterFactory.java:60)
	at org.eclipse.core.internal.adapter.AdapterFactoryProxy.lambda$5(AdapterFactoryProxy.java:111)
	at java.base/java.util.Optional.map(Optional.java:265)
	at org.eclipse.core.internal.adapter.AdapterFactoryProxy.getAdapter(AdapterFactoryProxy.java:111)
	at org.eclipse.core.internal.runtime.AdapterManager.getAdapter(AdapterManager.java:299)
	at org.eclipse.core.runtime.PlatformObject.getAdapter(PlatformObject.java:72)
	at org.eclipse.m2e.core.ui.internal.actions.SelectionUtil.getType(SelectionUtil.java:151)
	at org.eclipse.m2e.core.ui.internal.actions.MavenPropertyTester.test(MavenPropertyTester.java:73)
	at org.eclipse.core.internal.expressions.Property.test(Property.java:65)
	at org.eclipse.core.expressions.TestExpression.evaluate(TestExpression.java:107)
	at org.eclipse.core.expressions.CompositeExpression.evaluateAnd(CompositeExpression.java:54)
	at org.eclipse.core.expressions.AndExpression.evaluate(AndExpression.java:36)
	at org.eclipse.core.expressions.CompositeExpression.evaluateAnd(CompositeExpression.java:54)
	at org.eclipse.core.internal.expressions.EnablementExpression.evaluate(EnablementExpression.java:59)
	at org.eclipse.ui.internal.ObjectActionContributor$ObjectContribution.isApplicableTo(ObjectActionContributor.java:353)
	at org.eclipse.ui.internal.ObjectActionContributor.isApplicableTo(ObjectActionContributor.java:226)
	at org.eclipse.ui.internal.ObjectContributorManager.isApplicableTo(ObjectContributorManager.java:300)
	at org.eclipse.ui.internal.ObjectActionContributorManager.contributeObjectActions(ObjectActionContributorManager.java:89)
	at org.eclipse.ui.internal.PopupMenuExtender.addObjectActions(PopupMenuExtender.java:295)
	at org.eclipse.ui.internal.PopupMenuExtender.menuAboutToShow(PopupMenuExtender.java:367)
	at org.eclipse.jface.action.MenuManager.fireAboutToShow(MenuManager.java:338)
	at org.eclipse.jface.action.MenuManager.handleAboutToShow(MenuManager.java:468)
	at org.eclipse.jface.action.MenuManager.access$1(MenuManager.java:463)
	at org.eclipse.jface.action.MenuManager$2.menuShown(MenuManager.java:495)
	at org.eclipse.swt.widgets.TypedListener.handleEvent(TypedListener.java:259)
	at org.eclipse.swt.widgets.EventTable.sendEvent(EventTable.java:89)
	at org.eclipse.swt.widgets.Display.sendEvent(Display.java:5745)
	at org.eclipse.swt.widgets.Widget.sendEvent(Widget.java:1427)
	at org.eclipse.swt.widgets.Widget.sendEvent(Widget.java:1453)
	at org.eclipse.swt.widgets.Widget.sendEvent(Widget.java:1432)
	at org.eclipse.swt.widgets.Menu._setVisible(Menu.java:243)
	at org.eclipse.swt.widgets.Display.runPopups(Display.java:5055)
	at org.eclipse.swt.widgets.Display.readAndDispatch(Display.java:4497)
	at org.eclipse.e4.ui.internal.workbench.swt.PartRenderingEngine$5.run(PartRenderingEngine.java:1157)
	at org.eclipse.core.databinding.observable.Realm.runWithDefault(Realm.java:338)
	at org.eclipse.e4.ui.internal.workbench.swt.PartRenderingEngine.run(PartRenderingEngine.java:1046)
	at org.eclipse.e4.ui.internal.workbench.E4Workbench.createAndRunUI(E4Workbench.java:155)
	at org.eclipse.ui.internal.Workbench.lambda$3(Workbench.java:644)
	at org.eclipse.core.databinding.observable.Realm.runWithDefault(Realm.java:338)
	at org.eclipse.ui.internal.Workbench.createAndRunWorkbench(Workbench.java:551)
	at org.eclipse.ui.PlatformUI.createAndRunWorkbench(PlatformUI.java:153)
	at org.eclipse.ui.internal.ide.application.IDEApplication.start(IDEApplication.java:150)
	at org.eclipse.equinox.internal.app.EclipseAppHandle.run(EclipseAppHandle.java:203)
	at org.eclipse.core.runtime.internal.adaptor.EclipseAppLauncher.runApplication(EclipseAppLauncher.java:134)
	at org.eclipse.core.runtime.internal.adaptor.EclipseAppLauncher.start(EclipseAppLauncher.java:104)
	at org.eclipse.core.runtime.adaptor.EclipseStarter.run(EclipseStarter.java:401)
	at org.eclipse.core.runtime.adaptor.EclipseStarter.run(EclipseStarter.java:255)
	at java.base/jdk.internal.reflect.NativeMethodAccessorImpl.invoke0(Native Method)
	at java.base/jdk.internal.reflect.NativeMethodAccessorImpl.invoke(NativeMethodAccessorImpl.java:62)
	at java.base/jdk.internal.reflect.DelegatingMethodAccessorImpl.invoke(DelegatingMethodAccessorImpl.java:43)
	at java.base/java.lang.reflect.Method.invoke(Method.java:566)
	at org.eclipse.equinox.launcher.Main.invokeFramework(Main.java:657)
	at org.eclipse.equinox.launcher.Main.basicRun(Main.java:594)
	at org.eclipse.equinox.launcher.Main.run(Main.java:1465)
	at org.eclipse.equinox.launcher.Main.main(Main.java:1438)
Caused by: java.io.FileNotFoundException: /root/Downloads/jdatepicker-1.3.4.jar (No such file or directory)
	at java.base/java.io.FileInputStream.open0(Native Method)
	at java.base/java.io.FileInputStream.open(FileInputStream.java:219)
	at java.base/java.io.FileInputStream.<init>(FileInputStream.java:157)
	at org.eclipse.m2e.core.internal.index.nexus.NexusIndexManager.identify(NexusIndexManager.java:1263)
	at org.eclipse.m2e.core.internal.index.nexus.NexusIndexManager.identify(NexusIndexManager.java:301)
	... 61 common frames omitted
2020-12-12 03:05:36,217 [main] ERROR o.e.m.j.i.JavaElementsAdapterFactory - Can't find artifact for /root/Downloads/jdatepicker-1.3.4.jar
  <default> (...)
  org (...)
  org.jdatepicker.util (...)
  org.jdatepicker.i18n (...)
  org.jdatepicker (...)
  org.jdatepicker.impl (...)
  org.jdatepicker.graphics (...)
org.eclipse.core.runtime.CoreException: Search error
	at org.eclipse.m2e.core.internal.index.nexus.NexusIndexManager.identify(NexusIndexManager.java:304)
	at org.eclipse.m2e.core.internal.index.nexus.NexusIndex.identify(NexusIndex.java:143)
	at org.eclipse.m2e.core.internal.index.nexus.CompositeIndex.identifyAll(CompositeIndex.java:69)
	at org.eclipse.m2e.core.internal.index.nexus.CompositeIndex.identify(CompositeIndex.java:61)
	at org.eclipse.m2e.jdt.internal.BuildPathManager.findArtifactInIndex(BuildPathManager.java:478)
	at org.eclipse.m2e.jdt.internal.BuildPathManager.findArtifacts(BuildPathManager.java:422)
	at org.eclipse.m2e.jdt.internal.BuildPathManager.findArtifact(BuildPathManager.java:440)
	at org.eclipse.m2e.jdt.internal.JavaElementsAdapterFactory.getAdapter(JavaElementsAdapterFactory.java:60)
	at org.eclipse.core.internal.adapter.AdapterFactoryProxy.lambda$5(AdapterFactoryProxy.java:111)
	at java.base/java.util.Optional.map(Optional.java:265)
	at org.eclipse.core.internal.adapter.AdapterFactoryProxy.getAdapter(AdapterFactoryProxy.java:111)
	at org.eclipse.core.internal.runtime.AdapterManager.getAdapter(AdapterManager.java:299)
	at org.eclipse.m2e.core.ui.internal.actions.SelectionUtil.getType(SelectionUtil.java:156)
	at org.eclipse.m2e.core.ui.internal.actions.MavenPropertyTester.test(MavenPropertyTester.java:73)
	at org.eclipse.core.internal.expressions.Property.test(Property.java:65)
	at org.eclipse.core.expressions.TestExpression.evaluate(TestExpression.java:107)
	at org.eclipse.core.expressions.CompositeExpression.evaluateAnd(CompositeExpression.java:54)
	at org.eclipse.core.expressions.AndExpression.evaluate(AndExpression.java:36)
	at org.eclipse.core.expressions.CompositeExpression.evaluateAnd(CompositeExpression.java:54)
	at org.eclipse.core.internal.expressions.EnablementExpression.evaluate(EnablementExpression.java:59)
	at org.eclipse.ui.internal.ObjectActionContributor$ObjectContribution.isApplicableTo(ObjectActionContributor.java:353)
	at org.eclipse.ui.internal.ObjectActionContributor.isApplicableTo(ObjectActionContributor.java:226)
	at org.eclipse.ui.internal.ObjectContributorManager.isApplicableTo(ObjectContributorManager.java:300)
	at org.eclipse.ui.internal.ObjectActionContributorManager.contributeObjectActions(ObjectActionContributorManager.java:89)
	at org.eclipse.ui.internal.PopupMenuExtender.addObjectActions(PopupMenuExtender.java:295)
	at org.eclipse.ui.internal.PopupMenuExtender.menuAboutToShow(PopupMenuExtender.java:367)
	at org.eclipse.jface.action.MenuManager.fireAboutToShow(MenuManager.java:338)
	at org.eclipse.jface.action.MenuManager.handleAboutToShow(MenuManager.java:468)
	at org.eclipse.jface.action.MenuManager.access$1(MenuManager.java:463)
	at org.eclipse.jface.action.MenuManager$2.menuShown(MenuManager.java:495)
	at org.eclipse.swt.widgets.TypedListener.handleEvent(TypedListener.java:259)
	at org.eclipse.swt.widgets.EventTable.sendEvent(EventTable.java:89)
	at org.eclipse.swt.widgets.Display.sendEvent(Display.java:5745)
	at org.eclipse.swt.widgets.Widget.sendEvent(Widget.java:1427)
	at org.eclipse.swt.widgets.Widget.sendEvent(Widget.java:1453)
	at org.eclipse.swt.widgets.Widget.sendEvent(Widget.java:1432)
	at org.eclipse.swt.widgets.Menu._setVisible(Menu.java:243)
	at org.eclipse.swt.widgets.Display.runPopups(Display.java:5055)
	at org.eclipse.swt.widgets.Display.readAndDispatch(Display.java:4497)
	at org.eclipse.e4.ui.internal.workbench.swt.PartRenderingEngine$5.run(PartRenderingEngine.java:1157)
	at org.eclipse.core.databinding.observable.Realm.runWithDefault(Realm.java:338)
	at org.eclipse.e4.ui.internal.workbench.swt.PartRenderingEngine.run(PartRenderingEngine.java:1046)
	at org.eclipse.e4.ui.internal.workbench.E4Workbench.createAndRunUI(E4Workbench.java:155)
	at org.eclipse.ui.internal.Workbench.lambda$3(Workbench.java:644)
	at org.eclipse.core.databinding.observable.Realm.runWithDefault(Realm.java:338)
	at org.eclipse.ui.internal.Workbench.createAndRunWorkbench(Workbench.java:551)
	at org.eclipse.ui.PlatformUI.createAndRunWorkbench(PlatformUI.java:153)
	at org.eclipse.ui.internal.ide.application.IDEApplication.start(IDEApplication.java:150)
	at org.eclipse.equinox.internal.app.EclipseAppHandle.run(EclipseAppHandle.java:203)
	at org.eclipse.core.runtime.internal.adaptor.EclipseAppLauncher.runApplication(EclipseAppLauncher.java:134)
	at org.eclipse.core.runtime.internal.adaptor.EclipseAppLauncher.start(EclipseAppLauncher.java:104)
	at org.eclipse.core.runtime.adaptor.EclipseStarter.run(EclipseStarter.java:401)
	at org.eclipse.core.runtime.adaptor.EclipseStarter.run(EclipseStarter.java:255)
	at java.base/jdk.internal.reflect.NativeMethodAccessorImpl.invoke0(Native Method)
	at java.base/jdk.internal.reflect.NativeMethodAccessorImpl.invoke(NativeMethodAccessorImpl.java:62)
	at java.base/jdk.internal.reflect.DelegatingMethodAccessorImpl.invoke(DelegatingMethodAccessorImpl.java:43)
	at java.base/java.lang.reflect.Method.invoke(Method.java:566)
	at org.eclipse.equinox.launcher.Main.invokeFramework(Main.java:657)
	at org.eclipse.equinox.launcher.Main.basicRun(Main.java:594)
	at org.eclipse.equinox.launcher.Main.run(Main.java:1465)
	at org.eclipse.equinox.launcher.Main.main(Main.java:1438)
Caused by: java.io.FileNotFoundException: /root/Downloads/jdatepicker-1.3.4.jar (No such file or directory)
	at java.base/java.io.FileInputStream.open0(Native Method)
	at java.base/java.io.FileInputStream.open(FileInputStream.java:219)
	at java.base/java.io.FileInputStream.<init>(FileInputStream.java:157)
	at org.eclipse.m2e.core.internal.index.nexus.NexusIndexManager.identify(NexusIndexManager.java:1263)
	at org.eclipse.m2e.core.internal.index.nexus.NexusIndexManager.identify(NexusIndexManager.java:301)
	... 60 common frames omitted
2020-12-12 03:05:36,226 [main] ERROR o.e.m.j.i.JavaElementsAdapterFactory - Can't find artifact for /root/Downloads/jdatepicker-1.3.4.jar
  <default> (...)
  org (...)
  org.jdatepicker.util (...)
  org.jdatepicker.i18n (...)
  org.jdatepicker (...)
  org.jdatepicker.impl (...)
  org.jdatepicker.graphics (...)
org.eclipse.core.runtime.CoreException: Search error
	at org.eclipse.m2e.core.internal.index.nexus.NexusIndexManager.identify(NexusIndexManager.java:304)
	at org.eclipse.m2e.core.internal.index.nexus.NexusIndex.identify(NexusIndex.java:143)
	at org.eclipse.m2e.core.internal.index.nexus.CompositeIndex.identifyAll(CompositeIndex.java:69)
	at org.eclipse.m2e.core.internal.index.nexus.CompositeIndex.identify(CompositeIndex.java:61)
	at org.eclipse.m2e.jdt.internal.BuildPathManager.findArtifactInIndex(BuildPathManager.java:478)
	at org.eclipse.m2e.jdt.internal.BuildPathManager.findArtifacts(BuildPathManager.java:422)
	at org.eclipse.m2e.jdt.internal.BuildPathManager.findArtifact(BuildPathManager.java:440)
	at org.eclipse.m2e.jdt.internal.JavaElementsAdapterFactory.getAdapter(JavaElementsAdapterFactory.java:60)
	at org.eclipse.core.internal.adapter.AdapterFactoryProxy.lambda$5(AdapterFactoryProxy.java:111)
	at java.base/java.util.Optional.map(Optional.java:265)
	at org.eclipse.core.internal.adapter.AdapterFactoryProxy.getAdapter(AdapterFactoryProxy.java:111)
	at org.eclipse.core.internal.runtime.AdapterManager.getAdapter(AdapterManager.java:299)
	at org.eclipse.core.runtime.PlatformObject.getAdapter(PlatformObject.java:72)
	at org.eclipse.m2e.core.ui.internal.actions.SelectionUtil.getType(SelectionUtil.java:151)
	at org.eclipse.m2e.core.ui.internal.actions.MavenPropertyTester.test(MavenPropertyTester.java:78)
	at org.eclipse.core.internal.expressions.Property.test(Property.java:65)
	at org.eclipse.core.expressions.TestExpression.evaluate(TestExpression.java:107)
	at org.eclipse.core.expressions.CompositeExpression.evaluateAnd(CompositeExpression.java:54)
	at org.eclipse.core.internal.expressions.EnablementExpression.evaluate(EnablementExpression.java:59)
	at org.eclipse.ui.internal.ObjectActionContributor$ObjectContribution.isApplicableTo(ObjectActionContributor.java:353)
	at org.eclipse.ui.internal.ObjectActionContributor.isApplicableTo(ObjectActionContributor.java:226)
	at org.eclipse.ui.internal.ObjectContributorManager.isApplicableTo(ObjectContributorManager.java:300)
	at org.eclipse.ui.internal.ObjectActionContributorManager.contributeObjectActions(ObjectActionContributorManager.java:89)
	at org.eclipse.ui.internal.PopupMenuExtender.addObjectActions(PopupMenuExtender.java:295)
	at org.eclipse.ui.internal.PopupMenuExtender.menuAboutToShow(PopupMenuExtender.java:367)
	at org.eclipse.jface.action.MenuManager.fireAboutToShow(MenuManager.java:338)
	at org.eclipse.jface.action.MenuManager.handleAboutToShow(MenuManager.java:468)
	at org.eclipse.jface.action.MenuManager.access$1(MenuManager.java:463)
	at org.eclipse.jface.action.MenuManager$2.menuShown(MenuManager.java:495)
	at org.eclipse.swt.widgets.TypedListener.handleEvent(TypedListener.java:259)
	at org.eclipse.swt.widgets.EventTable.sendEvent(EventTable.java:89)
	at org.eclipse.swt.widgets.Display.sendEvent(Display.java:5745)
	at org.eclipse.swt.widgets.Widget.sendEvent(Widget.java:1427)
	at org.eclipse.swt.widgets.Widget.sendEvent(Widget.java:1453)
	at org.eclipse.swt.widgets.Widget.sendEvent(Widget.java:1432)
	at org.eclipse.swt.widgets.Menu._setVisible(Menu.java:243)
	at org.eclipse.swt.widgets.Display.runPopups(Display.java:5055)
	at org.eclipse.swt.widgets.Display.readAndDispatch(Display.java:4497)
	at org.eclipse.e4.ui.internal.workbench.swt.PartRenderingEngine$5.run(PartRenderingEngine.java:1157)
	at org.eclipse.core.databinding.observable.Realm.runWithDefault(Realm.java:338)
	at org.eclipse.e4.ui.internal.workbench.swt.PartRenderingEngine.run(PartRenderingEngine.java:1046)
	at org.eclipse.e4.ui.internal.workbench.E4Workbench.createAndRunUI(E4Workbench.java:155)
	at org.eclipse.ui.internal.Workbench.lambda$3(Workbench.java:644)
	at org.eclipse.core.databinding.observable.Realm.runWithDefault(Realm.java:338)
	at org.eclipse.ui.internal.Workbench.createAndRunWorkbench(Workbench.java:551)
	at org.eclipse.ui.PlatformUI.createAndRunWorkbench(PlatformUI.java:153)
	at org.eclipse.ui.internal.ide.application.IDEApplication.start(IDEApplication.java:150)
	at org.eclipse.equinox.internal.app.EclipseAppHandle.run(EclipseAppHandle.java:203)
	at org.eclipse.core.runtime.internal.adaptor.EclipseAppLauncher.runApplication(EclipseAppLauncher.java:134)
	at org.eclipse.core.runtime.internal.adaptor.EclipseAppLauncher.start(EclipseAppLauncher.java:104)
	at org.eclipse.core.runtime.adaptor.EclipseStarter.run(EclipseStarter.java:401)
	at org.eclipse.core.runtime.adaptor.EclipseStarter.run(EclipseStarter.java:255)
	at java.base/jdk.internal.reflect.NativeMethodAccessorImpl.invoke0(Native Method)
	at java.base/jdk.internal.reflect.NativeMethodAccessorImpl.invoke(NativeMethodAccessorImpl.java:62)
	at java.base/jdk.internal.reflect.DelegatingMethodAccessorImpl.invoke(DelegatingMethodAccessorImpl.java:43)
	at java.base/java.lang.reflect.Method.invoke(Method.java:566)
	at org.eclipse.equinox.launcher.Main.invokeFramework(Main.java:657)
	at org.eclipse.equinox.launcher.Main.basicRun(Main.java:594)
	at org.eclipse.equinox.launcher.Main.run(Main.java:1465)
	at org.eclipse.equinox.launcher.Main.main(Main.java:1438)
Caused by: java.io.FileNotFoundException: /root/Downloads/jdatepicker-1.3.4.jar (No such file or directory)
	at java.base/java.io.FileInputStream.open0(Native Method)
	at java.base/java.io.FileInputStream.open(FileInputStream.java:219)
	at java.base/java.io.FileInputStream.<init>(FileInputStream.java:157)
	at org.eclipse.m2e.core.internal.index.nexus.NexusIndexManager.identify(NexusIndexManager.java:1263)
	at org.eclipse.m2e.core.internal.index.nexus.NexusIndexManager.identify(NexusIndexManager.java:301)
	... 59 common frames omitted
2020-12-12 03:05:36,230 [main] ERROR o.e.m.j.i.JavaElementsAdapterFactory - Can't find artifact for /root/Downloads/jdatepicker-1.3.4.jar
  <default> (...)
  org (...)
  org.jdatepicker.util (...)
  org.jdatepicker.i18n (...)
  org.jdatepicker (...)
  org.jdatepicker.impl (...)
  org.jdatepicker.graphics (...)
org.eclipse.core.runtime.CoreException: Search error
	at org.eclipse.m2e.core.internal.index.nexus.NexusIndexManager.identify(NexusIndexManager.java:304)
	at org.eclipse.m2e.core.internal.index.nexus.NexusIndex.identify(NexusIndex.java:143)
	at org.eclipse.m2e.core.internal.index.nexus.CompositeIndex.identifyAll(CompositeIndex.java:69)
	at org.eclipse.m2e.core.internal.index.nexus.CompositeIndex.identify(CompositeIndex.java:61)
	at org.eclipse.m2e.jdt.internal.BuildPathManager.findArtifactInIndex(BuildPathManager.java:478)
	at org.eclipse.m2e.jdt.internal.BuildPathManager.findArtifacts(BuildPathManager.java:422)
	at org.eclipse.m2e.jdt.internal.BuildPathManager.findArtifact(BuildPathManager.java:440)
	at org.eclipse.m2e.jdt.internal.JavaElementsAdapterFactory.getAdapter(JavaElementsAdapterFactory.java:60)
	at org.eclipse.core.internal.adapter.AdapterFactoryProxy.lambda$5(AdapterFactoryProxy.java:111)
	at java.base/java.util.Optional.map(Optional.java:265)
	at org.eclipse.core.internal.adapter.AdapterFactoryProxy.getAdapter(AdapterFactoryProxy.java:111)
	at org.eclipse.core.internal.runtime.AdapterManager.getAdapter(AdapterManager.java:299)
	at org.eclipse.m2e.core.ui.internal.actions.SelectionUtil.getType(SelectionUtil.java:156)
	at org.eclipse.m2e.core.ui.internal.actions.MavenPropertyTester.test(MavenPropertyTester.java:78)
	at org.eclipse.core.internal.expressions.Property.test(Property.java:65)
	at org.eclipse.core.expressions.TestExpression.evaluate(TestExpression.java:107)
	at org.eclipse.core.expressions.CompositeExpression.evaluateAnd(CompositeExpression.java:54)
	at org.eclipse.core.internal.expressions.EnablementExpression.evaluate(EnablementExpression.java:59)
	at org.eclipse.ui.internal.ObjectActionContributor$ObjectContribution.isApplicableTo(ObjectActionContributor.java:353)
	at org.eclipse.ui.internal.ObjectActionContributor.isApplicableTo(ObjectActionContributor.java:226)
	at org.eclipse.ui.internal.ObjectContributorManager.isApplicableTo(ObjectContributorManager.java:300)
	at org.eclipse.ui.internal.ObjectActionContributorManager.contributeObjectActions(ObjectActionContributorManager.java:89)
	at org.eclipse.ui.internal.PopupMenuExtender.addObjectActions(PopupMenuExtender.java:295)
	at org.eclipse.ui.internal.PopupMenuExtender.menuAboutToShow(PopupMenuExtender.java:367)
	at org.eclipse.jface.action.MenuManager.fireAboutToShow(MenuManager.java:338)
	at org.eclipse.jface.action.MenuManager.handleAboutToShow(MenuManager.java:468)
	at org.eclipse.jface.action.MenuManager.access$1(MenuManager.java:463)
	at org.eclipse.jface.action.MenuManager$2.menuShown(MenuManager.java:495)
	at org.eclipse.swt.widgets.TypedListener.handleEvent(TypedListener.java:259)
	at org.eclipse.swt.widgets.EventTable.sendEvent(EventTable.java:89)
	at org.eclipse.swt.widgets.Display.sendEvent(Display.java:5745)
	at org.eclipse.swt.widgets.Widget.sendEvent(Widget.java:1427)
	at org.eclipse.swt.widgets.Widget.sendEvent(Widget.java:1453)
	at org.eclipse.swt.widgets.Widget.sendEvent(Widget.java:1432)
	at org.eclipse.swt.widgets.Menu._setVisible(Menu.java:243)
	at org.eclipse.swt.widgets.Display.runPopups(Display.java:5055)
	at org.eclipse.swt.widgets.Display.readAndDispatch(Display.java:4497)
	at org.eclipse.e4.ui.internal.workbench.swt.PartRenderingEngine$5.run(PartRenderingEngine.java:1157)
	at org.eclipse.core.databinding.observable.Realm.runWithDefault(Realm.java:338)
	at org.eclipse.e4.ui.internal.workbench.swt.PartRenderingEngine.run(PartRenderingEngine.java:1046)
	at org.eclipse.e4.ui.internal.workbench.E4Workbench.createAndRunUI(E4Workbench.java:155)
	at org.eclipse.ui.internal.Workbench.lambda$3(Workbench.java:644)
	at org.eclipse.core.databinding.observable.Realm.runWithDefault(Realm.java:338)
	at org.eclipse.ui.internal.Workbench.createAndRunWorkbench(Workbench.java:551)
	at org.eclipse.ui.PlatformUI.createAndRunWorkbench(PlatformUI.java:153)
	at org.eclipse.ui.internal.ide.application.IDEApplication.start(IDEApplication.java:150)
	at org.eclipse.equinox.internal.app.EclipseAppHandle.run(EclipseAppHandle.java:203)
	at org.eclipse.core.runtime.internal.adaptor.EclipseAppLauncher.runApplication(EclipseAppLauncher.java:134)
	at org.eclipse.core.runtime.internal.adaptor.EclipseAppLauncher.start(EclipseAppLauncher.java:104)
	at org.eclipse.core.runtime.adaptor.EclipseStarter.run(EclipseStarter.java:401)
	at org.eclipse.core.runtime.adaptor.EclipseStarter.run(EclipseStarter.java:255)
	at java.base/jdk.internal.reflect.NativeMethodAccessorImpl.invoke0(Native Method)
	at java.base/jdk.internal.reflect.NativeMethodAccessorImpl.invoke(NativeMethodAccessorImpl.java:62)
	at java.base/jdk.internal.reflect.DelegatingMethodAccessorImpl.invoke(DelegatingMethodAccessorImpl.java:43)
	at java.base/java.lang.reflect.Method.invoke(Method.java:566)
	at org.eclipse.equinox.launcher.Main.invokeFramework(Main.java:657)
	at org.eclipse.equinox.launcher.Main.basicRun(Main.java:594)
	at org.eclipse.equinox.launcher.Main.run(Main.java:1465)
	at org.eclipse.equinox.launcher.Main.main(Main.java:1438)
Caused by: java.io.FileNotFoundException: /root/Downloads/jdatepicker-1.3.4.jar (No such file or directory)
	at java.base/java.io.FileInputStream.open0(Native Method)
	at java.base/java.io.FileInputStream.open(FileInputStream.java:219)
	at java.base/java.io.FileInputStream.<init>(FileInputStream.java:157)
	at org.eclipse.m2e.core.internal.index.nexus.NexusIndexManager.identify(NexusIndexManager.java:1263)
	at org.eclipse.m2e.core.internal.index.nexus.NexusIndexManager.identify(NexusIndexManager.java:301)
	... 58 common frames omitted
2020-12-12 03:05:36,233 [main] ERROR o.e.m.j.i.JavaElementsAdapterFactory - Can't find artifact for /root/Downloads/jdatepicker-1.3.4.jar
  <default> (...)
  org (...)
  org.jdatepicker.util (...)
  org.jdatepicker.i18n (...)
  org.jdatepicker (...)
  org.jdatepicker.impl (...)
  org.jdatepicker.graphics (...)
org.eclipse.core.runtime.CoreException: Search error
	at org.eclipse.m2e.core.internal.index.nexus.NexusIndexManager.identify(NexusIndexManager.java:304)
	at org.eclipse.m2e.core.internal.index.nexus.NexusIndex.identify(NexusIndex.java:143)
	at org.eclipse.m2e.core.internal.index.nexus.CompositeIndex.identifyAll(CompositeIndex.java:69)
	at org.eclipse.m2e.core.internal.index.nexus.CompositeIndex.identify(CompositeIndex.java:61)
	at org.eclipse.m2e.jdt.internal.BuildPathManager.findArtifactInIndex(BuildPathManager.java:478)
	at org.eclipse.m2e.jdt.internal.BuildPathManager.findArtifacts(BuildPathManager.java:422)
	at org.eclipse.m2e.jdt.internal.BuildPathManager.findArtifact(BuildPathManager.java:440)
	at org.eclipse.m2e.jdt.internal.JavaElementsAdapterFactory.getAdapter(JavaElementsAdapterFactory.java:60)
	at org.eclipse.core.internal.adapter.AdapterFactoryProxy.lambda$5(AdapterFactoryProxy.java:111)
	at java.base/java.util.Optional.map(Optional.java:265)
	at org.eclipse.core.internal.adapter.AdapterFactoryProxy.getAdapter(AdapterFactoryProxy.java:111)
	at org.eclipse.core.internal.runtime.AdapterManager.getAdapter(AdapterManager.java:299)
	at org.eclipse.core.runtime.PlatformObject.getAdapter(PlatformObject.java:72)
	at org.eclipse.m2e.core.ui.internal.actions.SelectionUtil.getType(SelectionUtil.java:151)
	at org.eclipse.m2e.core.ui.internal.actions.MavenPropertyTester.test(MavenPropertyTester.java:73)
	at org.eclipse.core.internal.expressions.Property.test(Property.java:65)
	at org.eclipse.core.expressions.TestExpression.evaluate(TestExpression.java:107)
	at org.eclipse.core.expressions.CompositeExpression.evaluateAnd(CompositeExpression.java:54)
	at org.eclipse.core.expressions.AndExpression.evaluate(AndExpression.java:36)
	at org.eclipse.core.expressions.CompositeExpression.evaluateAnd(CompositeExpression.java:54)
	at org.eclipse.core.internal.expressions.EnablementExpression.evaluate(EnablementExpression.java:59)
	at org.eclipse.ui.internal.ObjectActionContributor$ObjectContribution.isApplicableTo(ObjectActionContributor.java:353)
	at org.eclipse.ui.internal.ObjectActionContributor.isApplicableTo(ObjectActionContributor.java:226)
	at org.eclipse.ui.internal.ObjectContributorManager.isApplicableTo(ObjectContributorManager.java:300)
	at org.eclipse.ui.internal.ObjectActionContributorManager.contributeObjectActions(ObjectActionContributorManager.java:89)
	at org.eclipse.ui.internal.PopupMenuExtender.addObjectActions(PopupMenuExtender.java:295)
	at org.eclipse.ui.internal.PopupMenuExtender.menuAboutToShow(PopupMenuExtender.java:367)
	at org.eclipse.jface.action.MenuManager.fireAboutToShow(MenuManager.java:338)
	at org.eclipse.jface.action.MenuManager.handleAboutToShow(MenuManager.java:468)
	at org.eclipse.jface.action.MenuManager.access$1(MenuManager.java:463)
	at org.eclipse.jface.action.MenuManager$2.menuShown(MenuManager.java:495)
	at org.eclipse.swt.widgets.TypedListener.handleEvent(TypedListener.java:259)
	at org.eclipse.swt.widgets.EventTable.sendEvent(EventTable.java:89)
	at org.eclipse.swt.widgets.Display.sendEvent(Display.java:5745)
	at org.eclipse.swt.widgets.Widget.sendEvent(Widget.java:1427)
	at org.eclipse.swt.widgets.Widget.sendEvent(Widget.java:1453)
	at org.eclipse.swt.widgets.Widget.sendEvent(Widget.java:1432)
	at org.eclipse.swt.widgets.Menu._setVisible(Menu.java:243)
	at org.eclipse.swt.widgets.Display.runPopups(Display.java:5055)
	at org.eclipse.swt.widgets.Display.readAndDispatch(Display.java:4497)
	at org.eclipse.e4.ui.internal.workbench.swt.PartRenderingEngine$5.run(PartRenderingEngine.java:1157)
	at org.eclipse.core.databinding.observable.Realm.runWithDefault(Realm.java:338)
	at org.eclipse.e4.ui.internal.workbench.swt.PartRenderingEngine.run(PartRenderingEngine.java:1046)
	at org.eclipse.e4.ui.internal.workbench.E4Workbench.createAndRunUI(E4Workbench.java:155)
	at org.eclipse.ui.internal.Workbench.lambda$3(Workbench.java:644)
	at org.eclipse.core.databinding.observable.Realm.runWithDefault(Realm.java:338)
	at org.eclipse.ui.internal.Workbench.createAndRunWorkbench(Workbench.java:551)
	at org.eclipse.ui.PlatformUI.createAndRunWorkbench(PlatformUI.java:153)
	at org.eclipse.ui.internal.ide.application.IDEApplication.start(IDEApplication.java:150)
	at org.eclipse.equinox.internal.app.EclipseAppHandle.run(EclipseAppHandle.java:203)
	at org.eclipse.core.runtime.internal.adaptor.EclipseAppLauncher.runApplication(EclipseAppLauncher.java:134)
	at org.eclipse.core.runtime.internal.adaptor.EclipseAppLauncher.start(EclipseAppLauncher.java:104)
	at org.eclipse.core.runtime.adaptor.EclipseStarter.run(EclipseStarter.java:401)
	at org.eclipse.core.runtime.adaptor.EclipseStarter.run(EclipseStarter.java:255)
	at java.base/jdk.internal.reflect.NativeMethodAccessorImpl.invoke0(Native Method)
	at java.base/jdk.internal.reflect.NativeMethodAccessorImpl.invoke(NativeMethodAccessorImpl.java:62)
	at java.base/jdk.internal.reflect.DelegatingMethodAccessorImpl.invoke(DelegatingMethodAccessorImpl.java:43)
	at java.base/java.lang.reflect.Method.invoke(Method.java:566)
	at org.eclipse.equinox.launcher.Main.invokeFramework(Main.java:657)
	at org.eclipse.equinox.launcher.Main.basicRun(Main.java:594)
	at org.eclipse.equinox.launcher.Main.run(Main.java:1465)
	at org.eclipse.equinox.launcher.Main.main(Main.java:1438)
Caused by: java.io.FileNotFoundException: /root/Downloads/jdatepicker-1.3.4.jar (No such file or directory)
	at java.base/java.io.FileInputStream.open0(Native Method)
	at java.base/java.io.FileInputStream.open(FileInputStream.java:219)
	at java.base/java.io.FileInputStream.<init>(FileInputStream.java:157)
	at org.eclipse.m2e.core.internal.index.nexus.NexusIndexManager.identify(NexusIndexManager.java:1263)
	at org.eclipse.m2e.core.internal.index.nexus.NexusIndexManager.identify(NexusIndexManager.java:301)
	... 61 common frames omitted
2020-12-12 03:05:36,236 [main] ERROR o.e.m.j.i.JavaElementsAdapterFactory - Can't find artifact for /root/Downloads/jdatepicker-1.3.4.jar
  <default> (...)
  org (...)
  org.jdatepicker.util (...)
  org.jdatepicker.i18n (...)
  org.jdatepicker (...)
  org.jdatepicker.impl (...)
  org.jdatepicker.graphics (...)
org.eclipse.core.runtime.CoreException: Search error
	at org.eclipse.m2e.core.internal.index.nexus.NexusIndexManager.identify(NexusIndexManager.java:304)
	at org.eclipse.m2e.core.internal.index.nexus.NexusIndex.identify(NexusIndex.java:143)
	at org.eclipse.m2e.core.internal.index.nexus.CompositeIndex.identifyAll(CompositeIndex.java:69)
	at org.eclipse.m2e.core.internal.index.nexus.CompositeIndex.identify(CompositeIndex.java:61)
	at org.eclipse.m2e.jdt.internal.BuildPathManager.findArtifactInIndex(BuildPathManager.java:478)
	at org.eclipse.m2e.jdt.internal.BuildPathManager.findArtifacts(BuildPathManager.java:422)
	at org.eclipse.m2e.jdt.internal.BuildPathManager.findArtifact(BuildPathManager.java:440)
	at org.eclipse.m2e.jdt.internal.JavaElementsAdapterFactory.getAdapter(JavaElementsAdapterFactory.java:60)
	at org.eclipse.core.internal.adapter.AdapterFactoryProxy.lambda$5(AdapterFactoryProxy.java:111)
	at java.base/java.util.Optional.map(Optional.java:265)
	at org.eclipse.core.internal.adapter.AdapterFactoryProxy.getAdapter(AdapterFactoryProxy.java:111)
	at org.eclipse.core.internal.runtime.AdapterManager.getAdapter(AdapterManager.java:299)
	at org.eclipse.m2e.core.ui.internal.actions.SelectionUtil.getType(SelectionUtil.java:156)
	at org.eclipse.m2e.core.ui.internal.actions.MavenPropertyTester.test(MavenPropertyTester.java:73)
	at org.eclipse.core.internal.expressions.Property.test(Property.java:65)
	at org.eclipse.core.expressions.TestExpression.evaluate(TestExpression.java:107)
	at org.eclipse.core.expressions.CompositeExpression.evaluateAnd(CompositeExpression.java:54)
	at org.eclipse.core.expressions.AndExpression.evaluate(AndExpression.java:36)
	at org.eclipse.core.expressions.CompositeExpression.evaluateAnd(CompositeExpression.java:54)
	at org.eclipse.core.internal.expressions.EnablementExpression.evaluate(EnablementExpression.java:59)
	at org.eclipse.ui.internal.ObjectActionContributor$ObjectContribution.isApplicableTo(ObjectActionContributor.java:353)
	at org.eclipse.ui.internal.ObjectActionContributor.isApplicableTo(ObjectActionContributor.java:226)
	at org.eclipse.ui.internal.ObjectContributorManager.isApplicableTo(ObjectContributorManager.java:300)
	at org.eclipse.ui.internal.ObjectActionContributorManager.contributeObjectActions(ObjectActionContributorManager.java:89)
	at org.eclipse.ui.internal.PopupMenuExtender.addObjectActions(PopupMenuExtender.java:295)
	at org.eclipse.ui.internal.PopupMenuExtender.menuAboutToShow(PopupMenuExtender.java:367)
	at org.eclipse.jface.action.MenuManager.fireAboutToShow(MenuManager.java:338)
	at org.eclipse.jface.action.MenuManager.handleAboutToShow(MenuManager.java:468)
	at org.eclipse.jface.action.MenuManager.access$1(MenuManager.java:463)
	at org.eclipse.jface.action.MenuManager$2.menuShown(MenuManager.java:495)
	at org.eclipse.swt.widgets.TypedListener.handleEvent(TypedListener.java:259)
	at org.eclipse.swt.widgets.EventTable.sendEvent(EventTable.java:89)
	at org.eclipse.swt.widgets.Display.sendEvent(Display.java:5745)
	at org.eclipse.swt.widgets.Widget.sendEvent(Widget.java:1427)
	at org.eclipse.swt.widgets.Widget.sendEvent(Widget.java:1453)
	at org.eclipse.swt.widgets.Widget.sendEvent(Widget.java:1432)
	at org.eclipse.swt.widgets.Menu._setVisible(Menu.java:243)
	at org.eclipse.swt.widgets.Display.runPopups(Display.java:5055)
	at org.eclipse.swt.widgets.Display.readAndDispatch(Display.java:4497)
	at org.eclipse.e4.ui.internal.workbench.swt.PartRenderingEngine$5.run(PartRenderingEngine.java:1157)
	at org.eclipse.core.databinding.observable.Realm.runWithDefault(Realm.java:338)
	at org.eclipse.e4.ui.internal.workbench.swt.PartRenderingEngine.run(PartRenderingEngine.java:1046)
	at org.eclipse.e4.ui.internal.workbench.E4Workbench.createAndRunUI(E4Workbench.java:155)
	at org.eclipse.ui.internal.Workbench.lambda$3(Workbench.java:644)
	at org.eclipse.core.databinding.observable.Realm.runWithDefault(Realm.java:338)
	at org.eclipse.ui.internal.Workbench.createAndRunWorkbench(Workbench.java:551)
	at org.eclipse.ui.PlatformUI.createAndRunWorkbench(PlatformUI.java:153)
	at org.eclipse.ui.internal.ide.application.IDEApplication.start(IDEApplication.java:150)
	at org.eclipse.equinox.internal.app.EclipseAppHandle.run(EclipseAppHandle.java:203)
	at org.eclipse.core.runtime.internal.adaptor.EclipseAppLauncher.runApplication(EclipseAppLauncher.java:134)
	at org.eclipse.core.runtime.internal.adaptor.EclipseAppLauncher.start(EclipseAppLauncher.java:104)
	at org.eclipse.core.runtime.adaptor.EclipseStarter.run(EclipseStarter.java:401)
	at org.eclipse.core.runtime.adaptor.EclipseStarter.run(EclipseStarter.java:255)
	at java.base/jdk.internal.reflect.NativeMethodAccessorImpl.invoke0(Native Method)
	at java.base/jdk.internal.reflect.NativeMethodAccessorImpl.invoke(NativeMethodAccessorImpl.java:62)
	at java.base/jdk.internal.reflect.DelegatingMethodAccessorImpl.invoke(DelegatingMethodAccessorImpl.java:43)
	at java.base/java.lang.reflect.Method.invoke(Method.java:566)
	at org.eclipse.equinox.launcher.Main.invokeFramework(Main.java:657)
	at org.eclipse.equinox.launcher.Main.basicRun(Main.java:594)
	at org.eclipse.equinox.launcher.Main.run(Main.java:1465)
	at org.eclipse.equinox.launcher.Main.main(Main.java:1438)
Caused by: java.io.FileNotFoundException: /root/Downloads/jdatepicker-1.3.4.jar (No such file or directory)
	at java.base/java.io.FileInputStream.open0(Native Method)
	at java.base/java.io.FileInputStream.open(FileInputStream.java:219)
	at java.base/java.io.FileInputStream.<init>(FileInputStream.java:157)
	at org.eclipse.m2e.core.internal.index.nexus.NexusIndexManager.identify(NexusIndexManager.java:1263)
	at org.eclipse.m2e.core.internal.index.nexus.NexusIndexManager.identify(NexusIndexManager.java:301)
	... 60 common frames omitted
2020-12-12 03:05:36,238 [main] ERROR o.e.m.j.i.JavaElementsAdapterFactory - Can't find artifact for /root/Downloads/jdatepicker-1.3.4.jar
  <default> (...)
  org (...)
  org.jdatepicker.util (...)
  org.jdatepicker.i18n (...)
  org.jdatepicker (...)
  org.jdatepicker.impl (...)
  org.jdatepicker.graphics (...)
org.eclipse.core.runtime.CoreException: Search error
	at org.eclipse.m2e.core.internal.index.nexus.NexusIndexManager.identify(NexusIndexManager.java:304)
	at org.eclipse.m2e.core.internal.index.nexus.NexusIndex.identify(NexusIndex.java:143)
	at org.eclipse.m2e.core.internal.index.nexus.CompositeIndex.identifyAll(CompositeIndex.java:69)
	at org.eclipse.m2e.core.internal.index.nexus.CompositeIndex.identify(CompositeIndex.java:61)
	at org.eclipse.m2e.jdt.internal.BuildPathManager.findArtifactInIndex(BuildPathManager.java:478)
	at org.eclipse.m2e.jdt.internal.BuildPathManager.findArtifacts(BuildPathManager.java:422)
	at org.eclipse.m2e.jdt.internal.BuildPathManager.findArtifact(BuildPathManager.java:440)
	at org.eclipse.m2e.jdt.internal.JavaElementsAdapterFactory.getAdapter(JavaElementsAdapterFactory.java:60)
	at org.eclipse.core.internal.adapter.AdapterFactoryProxy.lambda$5(AdapterFactoryProxy.java:111)
	at java.base/java.util.Optional.map(Optional.java:265)
	at org.eclipse.core.internal.adapter.AdapterFactoryProxy.getAdapter(AdapterFactoryProxy.java:111)
	at org.eclipse.core.internal.runtime.AdapterManager.getAdapter(AdapterManager.java:299)
	at org.eclipse.core.runtime.PlatformObject.getAdapter(PlatformObject.java:72)
	at org.eclipse.m2e.core.ui.internal.actions.SelectionUtil.getType(SelectionUtil.java:151)
	at org.eclipse.m2e.core.ui.internal.actions.MavenPropertyTester.test(MavenPropertyTester.java:73)
	at org.eclipse.core.internal.expressions.Property.test(Property.java:65)
	at org.eclipse.core.expressions.TestExpression.evaluate(TestExpression.java:107)
	at org.eclipse.core.expressions.CompositeExpression.evaluateAnd(CompositeExpression.java:54)
	at org.eclipse.core.expressions.AndExpression.evaluate(AndExpression.java:36)
	at org.eclipse.core.expressions.CompositeExpression.evaluateAnd(CompositeExpression.java:54)
	at org.eclipse.core.internal.expressions.EnablementExpression.evaluate(EnablementExpression.java:59)
	at org.eclipse.ui.internal.ObjectActionContributor$ObjectContribution.isApplicableTo(ObjectActionContributor.java:353)
	at org.eclipse.ui.internal.ObjectActionContributor.isApplicableTo(ObjectActionContributor.java:226)
	at org.eclipse.ui.internal.ObjectContributorManager.isApplicableTo(ObjectContributorManager.java:300)
	at org.eclipse.ui.internal.ObjectActionContributorManager.contributeObjectActions(ObjectActionContributorManager.java:89)
	at org.eclipse.ui.internal.PopupMenuExtender.addObjectActions(PopupMenuExtender.java:295)
	at org.eclipse.ui.internal.PopupMenuExtender.menuAboutToShow(PopupMenuExtender.java:367)
	at org.eclipse.jface.action.MenuManager.fireAboutToShow(MenuManager.java:338)
	at org.eclipse.jface.action.MenuManager.handleAboutToShow(MenuManager.java:468)
	at org.eclipse.jface.action.MenuManager.access$1(MenuManager.java:463)
	at org.eclipse.jface.action.MenuManager$2.menuShown(MenuManager.java:495)
	at org.eclipse.swt.widgets.TypedListener.handleEvent(TypedListener.java:259)
	at org.eclipse.swt.widgets.EventTable.sendEvent(EventTable.java:89)
	at org.eclipse.swt.widgets.Display.sendEvent(Display.java:5745)
	at org.eclipse.swt.widgets.Widget.sendEvent(Widget.java:1427)
	at org.eclipse.swt.widgets.Widget.sendEvent(Widget.java:1453)
	at org.eclipse.swt.widgets.Widget.sendEvent(Widget.java:1432)
	at org.eclipse.swt.widgets.Menu._setVisible(Menu.java:243)
	at org.eclipse.swt.widgets.Display.runPopups(Display.java:5055)
	at org.eclipse.swt.widgets.Display.readAndDispatch(Display.java:4497)
	at org.eclipse.e4.ui.internal.workbench.swt.PartRenderingEngine$5.run(PartRenderingEngine.java:1157)
	at org.eclipse.core.databinding.observable.Realm.runWithDefault(Realm.java:338)
	at org.eclipse.e4.ui.internal.workbench.swt.PartRenderingEngine.run(PartRenderingEngine.java:1046)
	at org.eclipse.e4.ui.internal.workbench.E4Workbench.createAndRunUI(E4Workbench.java:155)
	at org.eclipse.ui.internal.Workbench.lambda$3(Workbench.java:644)
	at org.eclipse.core.databinding.observable.Realm.runWithDefault(Realm.java:338)
	at org.eclipse.ui.internal.Workbench.createAndRunWorkbench(Workbench.java:551)
	at org.eclipse.ui.PlatformUI.createAndRunWorkbench(PlatformUI.java:153)
	at org.eclipse.ui.internal.ide.application.IDEApplication.start(IDEApplication.java:150)
	at org.eclipse.equinox.internal.app.EclipseAppHandle.run(EclipseAppHandle.java:203)
	at org.eclipse.core.runtime.internal.adaptor.EclipseAppLauncher.runApplication(EclipseAppLauncher.java:134)
	at org.eclipse.core.runtime.internal.adaptor.EclipseAppLauncher.start(EclipseAppLauncher.java:104)
	at org.eclipse.core.runtime.adaptor.EclipseStarter.run(EclipseStarter.java:401)
	at org.eclipse.core.runtime.adaptor.EclipseStarter.run(EclipseStarter.java:255)
	at java.base/jdk.internal.reflect.NativeMethodAccessorImpl.invoke0(Native Method)
	at java.base/jdk.internal.reflect.NativeMethodAccessorImpl.invoke(NativeMethodAccessorImpl.java:62)
	at java.base/jdk.internal.reflect.DelegatingMethodAccessorImpl.invoke(DelegatingMethodAccessorImpl.java:43)
	at java.base/java.lang.reflect.Method.invoke(Method.java:566)
	at org.eclipse.equinox.launcher.Main.invokeFramework(Main.java:657)
	at org.eclipse.equinox.launcher.Main.basicRun(Main.java:594)
	at org.eclipse.equinox.launcher.Main.run(Main.java:1465)
	at org.eclipse.equinox.launcher.Main.main(Main.java:1438)
Caused by: java.io.FileNotFoundException: /root/Downloads/jdatepicker-1.3.4.jar (No such file or directory)
	at java.base/java.io.FileInputStream.open0(Native Method)
	at java.base/java.io.FileInputStream.open(FileInputStream.java:219)
	at java.base/java.io.FileInputStream.<init>(FileInputStream.java:157)
	at org.eclipse.m2e.core.internal.index.nexus.NexusIndexManager.identify(NexusIndexManager.java:1263)
	at org.eclipse.m2e.core.internal.index.nexus.NexusIndexManager.identify(NexusIndexManager.java:301)
	... 61 common frames omitted
2020-12-12 03:05:36,240 [main] ERROR o.e.m.j.i.JavaElementsAdapterFactory - Can't find artifact for /root/Downloads/jdatepicker-1.3.4.jar
  <default> (...)
  org (...)
  org.jdatepicker.util (...)
  org.jdatepicker.i18n (...)
  org.jdatepicker (...)
  org.jdatepicker.impl (...)
  org.jdatepicker.graphics (...)
org.eclipse.core.runtime.CoreException: Search error
	at org.eclipse.m2e.core.internal.index.nexus.NexusIndexManager.identify(NexusIndexManager.java:304)
	at org.eclipse.m2e.core.internal.index.nexus.NexusIndex.identify(NexusIndex.java:143)
	at org.eclipse.m2e.core.internal.index.nexus.CompositeIndex.identifyAll(CompositeIndex.java:69)
	at org.eclipse.m2e.core.internal.index.nexus.CompositeIndex.identify(CompositeIndex.java:61)
	at org.eclipse.m2e.jdt.internal.BuildPathManager.findArtifactInIndex(BuildPathManager.java:478)
	at org.eclipse.m2e.jdt.internal.BuildPathManager.findArtifacts(BuildPathManager.java:422)
	at org.eclipse.m2e.jdt.internal.BuildPathManager.findArtifact(BuildPathManager.java:440)
	at org.eclipse.m2e.jdt.internal.JavaElementsAdapterFactory.getAdapter(JavaElementsAdapterFactory.java:60)
	at org.eclipse.core.internal.adapter.AdapterFactoryProxy.lambda$5(AdapterFactoryProxy.java:111)
	at java.base/java.util.Optional.map(Optional.java:265)
	at org.eclipse.core.internal.adapter.AdapterFactoryProxy.getAdapter(AdapterFactoryProxy.java:111)
	at org.eclipse.core.internal.runtime.AdapterManager.getAdapter(AdapterManager.java:299)
	at org.eclipse.m2e.core.ui.internal.actions.SelectionUtil.getType(SelectionUtil.java:156)
	at org.eclipse.m2e.core.ui.internal.actions.MavenPropertyTester.test(MavenPropertyTester.java:73)
	at org.eclipse.core.internal.expressions.Property.test(Property.java:65)
	at org.eclipse.core.expressions.TestExpression.evaluate(TestExpression.java:107)
	at org.eclipse.core.expressions.CompositeExpression.evaluateAnd(CompositeExpression.java:54)
	at org.eclipse.core.expressions.AndExpression.evaluate(AndExpression.java:36)
	at org.eclipse.core.expressions.CompositeExpression.evaluateAnd(CompositeExpression.java:54)
	at org.eclipse.core.internal.expressions.EnablementExpression.evaluate(EnablementExpression.java:59)
	at org.eclipse.ui.internal.ObjectActionContributor$ObjectContribution.isApplicableTo(ObjectActionContributor.java:353)
	at org.eclipse.ui.internal.ObjectActionContributor.isApplicableTo(ObjectActionContributor.java:226)
	at org.eclipse.ui.internal.ObjectContributorManager.isApplicableTo(ObjectContributorManager.java:300)
	at org.eclipse.ui.internal.ObjectActionContributorManager.contributeObjectActions(ObjectActionContributorManager.java:89)
	at org.eclipse.ui.internal.PopupMenuExtender.addObjectActions(PopupMenuExtender.java:295)
	at org.eclipse.ui.internal.PopupMenuExtender.menuAboutToShow(PopupMenuExtender.java:367)
	at org.eclipse.jface.action.MenuManager.fireAboutToShow(MenuManager.java:338)
	at org.eclipse.jface.action.MenuManager.handleAboutToShow(MenuManager.java:468)
	at org.eclipse.jface.action.MenuManager.access$1(MenuManager.java:463)
	at org.eclipse.jface.action.MenuManager$2.menuShown(MenuManager.java:495)
	at org.eclipse.swt.widgets.TypedListener.handleEvent(TypedListener.java:259)
	at org.eclipse.swt.widgets.EventTable.sendEvent(EventTable.java:89)
	at org.eclipse.swt.widgets.Display.sendEvent(Display.java:5745)
	at org.eclipse.swt.widgets.Widget.sendEvent(Widget.java:1427)
	at org.eclipse.swt.widgets.Widget.sendEvent(Widget.java:1453)
	at org.eclipse.swt.widgets.Widget.sendEvent(Widget.java:1432)
	at org.eclipse.swt.widgets.Menu._setVisible(Menu.java:243)
	at org.eclipse.swt.widgets.Display.runPopups(Display.java:5055)
	at org.eclipse.swt.widgets.Display.readAndDispatch(Display.java:4497)
	at org.eclipse.e4.ui.internal.workbench.swt.PartRenderingEngine$5.run(PartRenderingEngine.java:1157)
	at org.eclipse.core.databinding.observable.Realm.runWithDefault(Realm.java:338)
	at org.eclipse.e4.ui.internal.workbench.swt.PartRenderingEngine.run(PartRenderingEngine.java:1046)
	at org.eclipse.e4.ui.internal.workbench.E4Workbench.createAndRunUI(E4Workbench.java:155)
	at org.eclipse.ui.internal.Workbench.lambda$3(Workbench.java:644)
	at org.eclipse.core.databinding.observable.Realm.runWithDefault(Realm.java:338)
	at org.eclipse.ui.internal.Workbench.createAndRunWorkbench(Workbench.java:551)
	at org.eclipse.ui.PlatformUI.createAndRunWorkbench(PlatformUI.java:153)
	at org.eclipse.ui.internal.ide.application.IDEApplication.start(IDEApplication.java:150)
	at org.eclipse.equinox.internal.app.EclipseAppHandle.run(EclipseAppHandle.java:203)
	at org.eclipse.core.runtime.internal.adaptor.EclipseAppLauncher.runApplication(EclipseAppLauncher.java:134)
	at org.eclipse.core.runtime.internal.adaptor.EclipseAppLauncher.start(EclipseAppLauncher.java:104)
	at org.eclipse.core.runtime.adaptor.EclipseStarter.run(EclipseStarter.java:401)
	at org.eclipse.core.runtime.adaptor.EclipseStarter.run(EclipseStarter.java:255)
	at java.base/jdk.internal.reflect.NativeMethodAccessorImpl.invoke0(Native Method)
	at java.base/jdk.internal.reflect.NativeMethodAccessorImpl.invoke(NativeMethodAccessorImpl.java:62)
	at java.base/jdk.internal.reflect.DelegatingMethodAccessorImpl.invoke(DelegatingMethodAccessorImpl.java:43)
	at java.base/java.lang.reflect.Method.invoke(Method.java:566)
	at org.eclipse.equinox.launcher.Main.invokeFramework(Main.java:657)
	at org.eclipse.equinox.launcher.Main.basicRun(Main.java:594)
	at org.eclipse.equinox.launcher.Main.run(Main.java:1465)
	at org.eclipse.equinox.launcher.Main.main(Main.java:1438)
Caused by: java.io.FileNotFoundException: /root/Downloads/jdatepicker-1.3.4.jar (No such file or directory)
	at java.base/java.io.FileInputStream.open0(Native Method)
	at java.base/java.io.FileInputStream.open(FileInputStream.java:219)
	at java.base/java.io.FileInputStream.<init>(FileInputStream.java:157)
	at org.eclipse.m2e.core.internal.index.nexus.NexusIndexManager.identify(NexusIndexManager.java:1263)
	at org.eclipse.m2e.core.internal.index.nexus.NexusIndexManager.identify(NexusIndexManager.java:301)
	... 60 common frames omitted
2020-12-12 03:05:36,241 [main] ERROR o.e.m.j.i.JavaElementsAdapterFactory - Can't find artifact for /root/Downloads/jdatepicker-1.3.4.jar
  <default> (...)
  org (...)
  org.jdatepicker.util (...)
  org.jdatepicker.i18n (...)
  org.jdatepicker (...)
  org.jdatepicker.impl (...)
  org.jdatepicker.graphics (...)
org.eclipse.core.runtime.CoreException: Search error
	at org.eclipse.m2e.core.internal.index.nexus.NexusIndexManager.identify(NexusIndexManager.java:304)
	at org.eclipse.m2e.core.internal.index.nexus.NexusIndex.identify(NexusIndex.java:143)
	at org.eclipse.m2e.core.internal.index.nexus.CompositeIndex.identifyAll(CompositeIndex.java:69)
	at org.eclipse.m2e.core.internal.index.nexus.CompositeIndex.identify(CompositeIndex.java:61)
	at org.eclipse.m2e.jdt.internal.BuildPathManager.findArtifactInIndex(BuildPathManager.java:478)
	at org.eclipse.m2e.jdt.internal.BuildPathManager.findArtifacts(BuildPathManager.java:422)
	at org.eclipse.m2e.jdt.internal.BuildPathManager.findArtifact(BuildPathManager.java:440)
	at org.eclipse.m2e.jdt.internal.JavaElementsAdapterFactory.getAdapter(JavaElementsAdapterFactory.java:60)
	at org.eclipse.core.internal.adapter.AdapterFactoryProxy.lambda$5(AdapterFactoryProxy.java:111)
	at java.base/java.util.Optional.map(Optional.java:265)
	at org.eclipse.core.internal.adapter.AdapterFactoryProxy.getAdapter(AdapterFactoryProxy.java:111)
	at org.eclipse.core.internal.runtime.AdapterManager.getAdapter(AdapterManager.java:299)
	at org.eclipse.core.runtime.PlatformObject.getAdapter(PlatformObject.java:72)
	at org.eclipse.m2e.core.ui.internal.actions.SelectionUtil.getType(SelectionUtil.java:151)
	at org.eclipse.m2e.core.ui.internal.actions.MavenPropertyTester.test(MavenPropertyTester.java:73)
	at org.eclipse.core.internal.expressions.Property.test(Property.java:65)
	at org.eclipse.core.expressions.TestExpression.evaluate(TestExpression.java:107)
	at org.eclipse.core.expressions.CompositeExpression.evaluateAnd(CompositeExpression.java:54)
	at org.eclipse.core.internal.expressions.EnablementExpression.evaluate(EnablementExpression.java:59)
	at org.eclipse.ui.internal.ObjectActionContributor$ObjectContribution.isApplicableTo(ObjectActionContributor.java:353)
	at org.eclipse.ui.internal.ObjectActionContributor.isApplicableTo(ObjectActionContributor.java:226)
	at org.eclipse.ui.internal.ObjectContributorManager.isApplicableTo(ObjectContributorManager.java:300)
	at org.eclipse.ui.internal.ObjectActionContributorManager.contributeObjectActions(ObjectActionContributorManager.java:89)
	at org.eclipse.ui.internal.PopupMenuExtender.addObjectActions(PopupMenuExtender.java:295)
	at org.eclipse.ui.internal.PopupMenuExtender.menuAboutToShow(PopupMenuExtender.java:367)
	at org.eclipse.jface.action.MenuManager.fireAboutToShow(MenuManager.java:338)
	at org.eclipse.jface.action.MenuManager.handleAboutToShow(MenuManager.java:468)
	at org.eclipse.jface.action.MenuManager.access$1(MenuManager.java:463)
	at org.eclipse.jface.action.MenuManager$2.menuShown(MenuManager.java:495)
	at org.eclipse.swt.widgets.TypedListener.handleEvent(TypedListener.java:259)
	at org.eclipse.swt.widgets.EventTable.sendEvent(EventTable.java:89)
	at org.eclipse.swt.widgets.Display.sendEvent(Display.java:5745)
	at org.eclipse.swt.widgets.Widget.sendEvent(Widget.java:1427)
	at org.eclipse.swt.widgets.Widget.sendEvent(Widget.java:1453)
	at org.eclipse.swt.widgets.Widget.sendEvent(Widget.java:1432)
	at org.eclipse.swt.widgets.Menu._setVisible(Menu.java:243)
	at org.eclipse.swt.widgets.Display.runPopups(Display.java:5055)
	at org.eclipse.swt.widgets.Display.readAndDispatch(Display.java:4497)
	at org.eclipse.e4.ui.internal.workbench.swt.PartRenderingEngine$5.run(PartRenderingEngine.java:1157)
	at org.eclipse.core.databinding.observable.Realm.runWithDefault(Realm.java:338)
	at org.eclipse.e4.ui.internal.workbench.swt.PartRenderingEngine.run(PartRenderingEngine.java:1046)
	at org.eclipse.e4.ui.internal.workbench.E4Workbench.createAndRunUI(E4Workbench.java:155)
	at org.eclipse.ui.internal.Workbench.lambda$3(Workbench.java:644)
	at org.eclipse.core.databinding.observable.Realm.runWithDefault(Realm.java:338)
	at org.eclipse.ui.internal.Workbench.createAndRunWorkbench(Workbench.java:551)
	at org.eclipse.ui.PlatformUI.createAndRunWorkbench(PlatformUI.java:153)
	at org.eclipse.ui.internal.ide.application.IDEApplication.start(IDEApplication.java:150)
	at org.eclipse.equinox.internal.app.EclipseAppHandle.run(EclipseAppHandle.java:203)
	at org.eclipse.core.runtime.internal.adaptor.EclipseAppLauncher.runApplication(EclipseAppLauncher.java:134)
	at org.eclipse.core.runtime.internal.adaptor.EclipseAppLauncher.start(EclipseAppLauncher.java:104)
	at org.eclipse.core.runtime.adaptor.EclipseStarter.run(EclipseStarter.java:401)
	at org.eclipse.core.runtime.adaptor.EclipseStarter.run(EclipseStarter.java:255)
	at java.base/jdk.internal.reflect.NativeMethodAccessorImpl.invoke0(Native Method)
	at java.base/jdk.internal.reflect.NativeMethodAccessorImpl.invoke(NativeMethodAccessorImpl.java:62)
	at java.base/jdk.internal.reflect.DelegatingMethodAccessorImpl.invoke(DelegatingMethodAccessorImpl.java:43)
	at java.base/java.lang.reflect.Method.invoke(Method.java:566)
	at org.eclipse.equinox.launcher.Main.invokeFramework(Main.java:657)
	at org.eclipse.equinox.launcher.Main.basicRun(Main.java:594)
	at org.eclipse.equinox.launcher.Main.run(Main.java:1465)
	at org.eclipse.equinox.launcher.Main.main(Main.java:1438)
Caused by: java.io.FileNotFoundException: /root/Downloads/jdatepicker-1.3.4.jar (No such file or directory)
	at java.base/java.io.FileInputStream.open0(Native Method)
	at java.base/java.io.FileInputStream.open(FileInputStream.java:219)
	at java.base/java.io.FileInputStream.<init>(FileInputStream.java:157)
	at org.eclipse.m2e.core.internal.index.nexus.NexusIndexManager.identify(NexusIndexManager.java:1263)
	at org.eclipse.m2e.core.internal.index.nexus.NexusIndexManager.identify(NexusIndexManager.java:301)
	... 59 common frames omitted
2020-12-12 03:05:36,243 [main] ERROR o.e.m.j.i.JavaElementsAdapterFactory - Can't find artifact for /root/Downloads/jdatepicker-1.3.4.jar
  <default> (...)
  org (...)
  org.jdatepicker.util (...)
  org.jdatepicker.i18n (...)
  org.jdatepicker (...)
  org.jdatepicker.impl (...)
  org.jdatepicker.graphics (...)
org.eclipse.core.runtime.CoreException: Search error
	at org.eclipse.m2e.core.internal.index.nexus.NexusIndexManager.identify(NexusIndexManager.java:304)
	at org.eclipse.m2e.core.internal.index.nexus.NexusIndex.identify(NexusIndex.java:143)
	at org.eclipse.m2e.core.internal.index.nexus.CompositeIndex.identifyAll(CompositeIndex.java:69)
	at org.eclipse.m2e.core.internal.index.nexus.CompositeIndex.identify(CompositeIndex.java:61)
	at org.eclipse.m2e.jdt.internal.BuildPathManager.findArtifactInIndex(BuildPathManager.java:478)
	at org.eclipse.m2e.jdt.internal.BuildPathManager.findArtifacts(BuildPathManager.java:422)
	at org.eclipse.m2e.jdt.internal.BuildPathManager.findArtifact(BuildPathManager.java:440)
	at org.eclipse.m2e.jdt.internal.JavaElementsAdapterFactory.getAdapter(JavaElementsAdapterFactory.java:60)
	at org.eclipse.core.internal.adapter.AdapterFactoryProxy.lambda$5(AdapterFactoryProxy.java:111)
	at java.base/java.util.Optional.map(Optional.java:265)
	at org.eclipse.core.internal.adapter.AdapterFactoryProxy.getAdapter(AdapterFactoryProxy.java:111)
	at org.eclipse.core.internal.runtime.AdapterManager.getAdapter(AdapterManager.java:299)
	at org.eclipse.m2e.core.ui.internal.actions.SelectionUtil.getType(SelectionUtil.java:156)
	at org.eclipse.m2e.core.ui.internal.actions.MavenPropertyTester.test(MavenPropertyTester.java:73)
	at org.eclipse.core.internal.expressions.Property.test(Property.java:65)
	at org.eclipse.core.expressions.TestExpression.evaluate(TestExpression.java:107)
	at org.eclipse.core.expressions.CompositeExpression.evaluateAnd(CompositeExpression.java:54)
	at org.eclipse.core.internal.expressions.EnablementExpression.evaluate(EnablementExpression.java:59)
	at org.eclipse.ui.internal.ObjectActionContributor$ObjectContribution.isApplicableTo(ObjectActionContributor.java:353)
	at org.eclipse.ui.internal.ObjectActionContributor.isApplicableTo(ObjectActionContributor.java:226)
	at org.eclipse.ui.internal.ObjectContributorManager.isApplicableTo(ObjectContributorManager.java:300)
	at org.eclipse.ui.internal.ObjectActionContributorManager.contributeObjectActions(ObjectActionContributorManager.java:89)
	at org.eclipse.ui.internal.PopupMenuExtender.addObjectActions(PopupMenuExtender.java:295)
	at org.eclipse.ui.internal.PopupMenuExtender.menuAboutToShow(PopupMenuExtender.java:367)
	at org.eclipse.jface.action.MenuManager.fireAboutToShow(MenuManager.java:338)
	at org.eclipse.jface.action.MenuManager.handleAboutToShow(MenuManager.java:468)
	at org.eclipse.jface.action.MenuManager.access$1(MenuManager.java:463)
	at org.eclipse.jface.action.MenuManager$2.menuShown(MenuManager.java:495)
	at org.eclipse.swt.widgets.TypedListener.handleEvent(TypedListener.java:259)
	at org.eclipse.swt.widgets.EventTable.sendEvent(EventTable.java:89)
	at org.eclipse.swt.widgets.Display.sendEvent(Display.java:5745)
	at org.eclipse.swt.widgets.Widget.sendEvent(Widget.java:1427)
	at org.eclipse.swt.widgets.Widget.sendEvent(Widget.java:1453)
	at org.eclipse.swt.widgets.Widget.sendEvent(Widget.java:1432)
	at org.eclipse.swt.widgets.Menu._setVisible(Menu.java:243)
	at org.eclipse.swt.widgets.Display.runPopups(Display.java:5055)
	at org.eclipse.swt.widgets.Display.readAndDispatch(Display.java:4497)
	at org.eclipse.e4.ui.internal.workbench.swt.PartRenderingEngine$5.run(PartRenderingEngine.java:1157)
	at org.eclipse.core.databinding.observable.Realm.runWithDefault(Realm.java:338)
	at org.eclipse.e4.ui.internal.workbench.swt.PartRenderingEngine.run(PartRenderingEngine.java:1046)
	at org.eclipse.e4.ui.internal.workbench.E4Workbench.createAndRunUI(E4Workbench.java:155)
	at org.eclipse.ui.internal.Workbench.lambda$3(Workbench.java:644)
	at org.eclipse.core.databinding.observable.Realm.runWithDefault(Realm.java:338)
	at org.eclipse.ui.internal.Workbench.createAndRunWorkbench(Workbench.java:551)
	at org.eclipse.ui.PlatformUI.createAndRunWorkbench(PlatformUI.java:153)
	at org.eclipse.ui.internal.ide.application.IDEApplication.start(IDEApplication.java:150)
	at org.eclipse.equinox.internal.app.EclipseAppHandle.run(EclipseAppHandle.java:203)
	at org.eclipse.core.runtime.internal.adaptor.EclipseAppLauncher.runApplication(EclipseAppLauncher.java:134)
	at org.eclipse.core.runtime.internal.adaptor.EclipseAppLauncher.start(EclipseAppLauncher.java:104)
	at org.eclipse.core.runtime.adaptor.EclipseStarter.run(EclipseStarter.java:401)
	at org.eclipse.core.runtime.adaptor.EclipseStarter.run(EclipseStarter.java:255)
	at java.base/jdk.internal.reflect.NativeMethodAccessorImpl.invoke0(Native Method)
	at java.base/jdk.internal.reflect.NativeMethodAccessorImpl.invoke(NativeMethodAccessorImpl.java:62)
	at java.base/jdk.internal.reflect.DelegatingMethodAccessorImpl.invoke(DelegatingMethodAccessorImpl.java:43)
	at java.base/java.lang.reflect.Method.invoke(Method.java:566)
	at org.eclipse.equinox.launcher.Main.invokeFramework(Main.java:657)
	at org.eclipse.equinox.launcher.Main.basicRun(Main.java:594)
	at org.eclipse.equinox.launcher.Main.run(Main.java:1465)
	at org.eclipse.equinox.launcher.Main.main(Main.java:1438)
Caused by: java.io.FileNotFoundException: /root/Downloads/jdatepicker-1.3.4.jar (No such file or directory)
	at java.base/java.io.FileInputStream.open0(Native Method)
	at java.base/java.io.FileInputStream.open(FileInputStream.java:219)
	at java.base/java.io.FileInputStream.<init>(FileInputStream.java:157)
	at org.eclipse.m2e.core.internal.index.nexus.NexusIndexManager.identify(NexusIndexManager.java:1263)
	at org.eclipse.m2e.core.internal.index.nexus.NexusIndexManager.identify(NexusIndexManager.java:301)
	... 58 common frames omitted
2020-12-12 03:05:36,244 [main] ERROR o.e.m.j.i.JavaElementsAdapterFactory - Can't find artifact for /root/Downloads/jdatepicker-1.3.4.jar
  <default> (...)
  org (...)
  org.jdatepicker.util (...)
  org.jdatepicker.i18n (...)
  org.jdatepicker (...)
  org.jdatepicker.impl (...)
  org.jdatepicker.graphics (...)
org.eclipse.core.runtime.CoreException: Search error
	at org.eclipse.m2e.core.internal.index.nexus.NexusIndexManager.identify(NexusIndexManager.java:304)
	at org.eclipse.m2e.core.internal.index.nexus.NexusIndex.identify(NexusIndex.java:143)
	at org.eclipse.m2e.core.internal.index.nexus.CompositeIndex.identifyAll(CompositeIndex.java:69)
	at org.eclipse.m2e.core.internal.index.nexus.CompositeIndex.identify(CompositeIndex.java:61)
	at org.eclipse.m2e.jdt.internal.BuildPathManager.findArtifactInIndex(BuildPathManager.java:478)
	at org.eclipse.m2e.jdt.internal.BuildPathManager.findArtifacts(BuildPathManager.java:422)
	at org.eclipse.m2e.jdt.internal.BuildPathManager.findArtifact(BuildPathManager.java:440)
	at org.eclipse.m2e.jdt.internal.JavaElementsAdapterFactory.getAdapter(JavaElementsAdapterFactory.java:60)
	at org.eclipse.core.internal.adapter.AdapterFactoryProxy.lambda$5(AdapterFactoryProxy.java:111)
	at java.base/java.util.Optional.map(Optional.java:265)
	at org.eclipse.core.internal.adapter.AdapterFactoryProxy.getAdapter(AdapterFactoryProxy.java:111)
	at org.eclipse.core.internal.runtime.AdapterManager.getAdapter(AdapterManager.java:299)
	at org.eclipse.core.runtime.PlatformObject.getAdapter(PlatformObject.java:72)
	at org.eclipse.m2e.core.ui.internal.actions.SelectionUtil.getType(SelectionUtil.java:151)
	at org.eclipse.m2e.core.ui.internal.actions.MavenPropertyTester.test(MavenPropertyTester.java:73)
	at org.eclipse.core.internal.expressions.Property.test(Property.java:65)
	at org.eclipse.core.expressions.TestExpression.evaluate(TestExpression.java:107)
	at org.eclipse.core.expressions.CompositeExpression.evaluateAnd(CompositeExpression.java:54)
	at org.eclipse.core.internal.expressions.EnablementExpression.evaluate(EnablementExpression.java:59)
	at org.eclipse.ui.internal.ObjectActionContributor$ObjectContribution.isApplicableTo(ObjectActionContributor.java:353)
	at org.eclipse.ui.internal.ObjectActionContributor.isApplicableTo(ObjectActionContributor.java:226)
	at org.eclipse.ui.internal.ObjectContributorManager.isApplicableTo(ObjectContributorManager.java:300)
	at org.eclipse.ui.internal.ObjectActionContributorManager.contributeObjectActions(ObjectActionContributorManager.java:89)
	at org.eclipse.ui.internal.PopupMenuExtender.addObjectActions(PopupMenuExtender.java:295)
	at org.eclipse.ui.internal.PopupMenuExtender.menuAboutToShow(PopupMenuExtender.java:367)
	at org.eclipse.jface.action.MenuManager.fireAboutToShow(MenuManager.java:338)
	at org.eclipse.jface.action.MenuManager.handleAboutToShow(MenuManager.java:468)
	at org.eclipse.jface.action.MenuManager.access$1(MenuManager.java:463)
	at org.eclipse.jface.action.MenuManager$2.menuShown(MenuManager.java:495)
	at org.eclipse.swt.widgets.TypedListener.handleEvent(TypedListener.java:259)
	at org.eclipse.swt.widgets.EventTable.sendEvent(EventTable.java:89)
	at org.eclipse.swt.widgets.Display.sendEvent(Display.java:5745)
	at org.eclipse.swt.widgets.Widget.sendEvent(Widget.java:1427)
	at org.eclipse.swt.widgets.Widget.sendEvent(Widget.java:1453)
	at org.eclipse.swt.widgets.Widget.sendEvent(Widget.java:1432)
	at org.eclipse.swt.widgets.Menu._setVisible(Menu.java:243)
	at org.eclipse.swt.widgets.Display.runPopups(Display.java:5055)
	at org.eclipse.swt.widgets.Display.readAndDispatch(Display.java:4497)
	at org.eclipse.e4.ui.internal.workbench.swt.PartRenderingEngine$5.run(PartRenderingEngine.java:1157)
	at org.eclipse.core.databinding.observable.Realm.runWithDefault(Realm.java:338)
	at org.eclipse.e4.ui.internal.workbench.swt.PartRenderingEngine.run(PartRenderingEngine.java:1046)
	at org.eclipse.e4.ui.internal.workbench.E4Workbench.createAndRunUI(E4Workbench.java:155)
	at org.eclipse.ui.internal.Workbench.lambda$3(Workbench.java:644)
	at org.eclipse.core.databinding.observable.Realm.runWithDefault(Realm.java:338)
	at org.eclipse.ui.internal.Workbench.createAndRunWorkbench(Workbench.java:551)
	at org.eclipse.ui.PlatformUI.createAndRunWorkbench(PlatformUI.java:153)
	at org.eclipse.ui.internal.ide.application.IDEApplication.start(IDEApplication.java:150)
	at org.eclipse.equinox.internal.app.EclipseAppHandle.run(EclipseAppHandle.java:203)
	at org.eclipse.core.runtime.internal.adaptor.EclipseAppLauncher.runApplication(EclipseAppLauncher.java:134)
	at org.eclipse.core.runtime.internal.adaptor.EclipseAppLauncher.start(EclipseAppLauncher.java:104)
	at org.eclipse.core.runtime.adaptor.EclipseStarter.run(EclipseStarter.java:401)
	at org.eclipse.core.runtime.adaptor.EclipseStarter.run(EclipseStarter.java:255)
	at java.base/jdk.internal.reflect.NativeMethodAccessorImpl.invoke0(Native Method)
	at java.base/jdk.internal.reflect.NativeMethodAccessorImpl.invoke(NativeMethodAccessorImpl.java:62)
	at java.base/jdk.internal.reflect.DelegatingMethodAccessorImpl.invoke(DelegatingMethodAccessorImpl.java:43)
	at java.base/java.lang.reflect.Method.invoke(Method.java:566)
	at org.eclipse.equinox.launcher.Main.invokeFramework(Main.java:657)
	at org.eclipse.equinox.launcher.Main.basicRun(Main.java:594)
	at org.eclipse.equinox.launcher.Main.run(Main.java:1465)
	at org.eclipse.equinox.launcher.Main.main(Main.java:1438)
Caused by: java.io.FileNotFoundException: /root/Downloads/jdatepicker-1.3.4.jar (No such file or directory)
	at java.base/java.io.FileInputStream.open0(Native Method)
	at java.base/java.io.FileInputStream.open(FileInputStream.java:219)
	at java.base/java.io.FileInputStream.<init>(FileInputStream.java:157)
	at org.eclipse.m2e.core.internal.index.nexus.NexusIndexManager.identify(NexusIndexManager.java:1263)
	at org.eclipse.m2e.core.internal.index.nexus.NexusIndexManager.identify(NexusIndexManager.java:301)
	... 59 common frames omitted
2020-12-12 03:05:36,245 [main] ERROR o.e.m.j.i.JavaElementsAdapterFactory - Can't find artifact for /root/Downloads/jdatepicker-1.3.4.jar
  <default> (...)
  org (...)
  org.jdatepicker.util (...)
  org.jdatepicker.i18n (...)
  org.jdatepicker (...)
  org.jdatepicker.impl (...)
  org.jdatepicker.graphics (...)
org.eclipse.core.runtime.CoreException: Search error
	at org.eclipse.m2e.core.internal.index.nexus.NexusIndexManager.identify(NexusIndexManager.java:304)
	at org.eclipse.m2e.core.internal.index.nexus.NexusIndex.identify(NexusIndex.java:143)
	at org.eclipse.m2e.core.internal.index.nexus.CompositeIndex.identifyAll(CompositeIndex.java:69)
	at org.eclipse.m2e.core.internal.index.nexus.CompositeIndex.identify(CompositeIndex.java:61)
	at org.eclipse.m2e.jdt.internal.BuildPathManager.findArtifactInIndex(BuildPathManager.java:478)
	at org.eclipse.m2e.jdt.internal.BuildPathManager.findArtifacts(BuildPathManager.java:422)
	at org.eclipse.m2e.jdt.internal.BuildPathManager.findArtifact(BuildPathManager.java:440)
	at org.eclipse.m2e.jdt.internal.JavaElementsAdapterFactory.getAdapter(JavaElementsAdapterFactory.java:60)
	at org.eclipse.core.internal.adapter.AdapterFactoryProxy.lambda$5(AdapterFactoryProxy.java:111)
	at java.base/java.util.Optional.map(Optional.java:265)
	at org.eclipse.core.internal.adapter.AdapterFactoryProxy.getAdapter(AdapterFactoryProxy.java:111)
	at org.eclipse.core.internal.runtime.AdapterManager.getAdapter(AdapterManager.java:299)
	at org.eclipse.m2e.core.ui.internal.actions.SelectionUtil.getType(SelectionUtil.java:156)
	at org.eclipse.m2e.core.ui.internal.actions.MavenPropertyTester.test(MavenPropertyTester.java:73)
	at org.eclipse.core.internal.expressions.Property.test(Property.java:65)
	at org.eclipse.core.expressions.TestExpression.evaluate(TestExpression.java:107)
	at org.eclipse.core.expressions.CompositeExpression.evaluateAnd(CompositeExpression.java:54)
	at org.eclipse.core.internal.expressions.EnablementExpression.evaluate(EnablementExpression.java:59)
	at org.eclipse.ui.internal.ObjectActionContributor$ObjectContribution.isApplicableTo(ObjectActionContributor.java:353)
	at org.eclipse.ui.internal.ObjectActionContributor.isApplicableTo(ObjectActionContributor.java:226)
	at org.eclipse.ui.internal.ObjectContributorManager.isApplicableTo(ObjectContributorManager.java:300)
	at org.eclipse.ui.internal.ObjectActionContributorManager.contributeObjectActions(ObjectActionContributorManager.java:89)
	at org.eclipse.ui.internal.PopupMenuExtender.addObjectActions(PopupMenuExtender.java:295)
	at org.eclipse.ui.internal.PopupMenuExtender.menuAboutToShow(PopupMenuExtender.java:367)
	at org.eclipse.jface.action.MenuManager.fireAboutToShow(MenuManager.java:338)
	at org.eclipse.jface.action.MenuManager.handleAboutToShow(MenuManager.java:468)
	at org.eclipse.jface.action.MenuManager.access$1(MenuManager.java:463)
	at org.eclipse.jface.action.MenuManager$2.menuShown(MenuManager.java:495)
	at org.eclipse.swt.widgets.TypedListener.handleEvent(TypedListener.java:259)
	at org.eclipse.swt.widgets.EventTable.sendEvent(EventTable.java:89)
	at org.eclipse.swt.widgets.Display.sendEvent(Display.java:5745)
	at org.eclipse.swt.widgets.Widget.sendEvent(Widget.java:1427)
	at org.eclipse.swt.widgets.Widget.sendEvent(Widget.java:1453)
	at org.eclipse.swt.widgets.Widget.sendEvent(Widget.java:1432)
	at org.eclipse.swt.widgets.Menu._setVisible(Menu.java:243)
	at org.eclipse.swt.widgets.Display.runPopups(Display.java:5055)
	at org.eclipse.swt.widgets.Display.readAndDispatch(Display.java:4497)
	at org.eclipse.e4.ui.internal.workbench.swt.PartRenderingEngine$5.run(PartRenderingEngine.java:1157)
	at org.eclipse.core.databinding.observable.Realm.runWithDefault(Realm.java:338)
	at org.eclipse.e4.ui.internal.workbench.swt.PartRenderingEngine.run(PartRenderingEngine.java:1046)
	at org.eclipse.e4.ui.internal.workbench.E4Workbench.createAndRunUI(E4Workbench.java:155)
	at org.eclipse.ui.internal.Workbench.lambda$3(Workbench.java:644)
	at org.eclipse.core.databinding.observable.Realm.runWithDefault(Realm.java:338)
	at org.eclipse.ui.internal.Workbench.createAndRunWorkbench(Workbench.java:551)
	at org.eclipse.ui.PlatformUI.createAndRunWorkbench(PlatformUI.java:153)
	at org.eclipse.ui.internal.ide.application.IDEApplication.start(IDEApplication.java:150)
	at org.eclipse.equinox.internal.app.EclipseAppHandle.run(EclipseAppHandle.java:203)
	at org.eclipse.core.runtime.internal.adaptor.EclipseAppLauncher.runApplication(EclipseAppLauncher.java:134)
	at org.eclipse.core.runtime.internal.adaptor.EclipseAppLauncher.start(EclipseAppLauncher.java:104)
	at org.eclipse.core.runtime.adaptor.EclipseStarter.run(EclipseStarter.java:401)
	at org.eclipse.core.runtime.adaptor.EclipseStarter.run(EclipseStarter.java:255)
	at java.base/jdk.internal.reflect.NativeMethodAccessorImpl.invoke0(Native Method)
	at java.base/jdk.internal.reflect.NativeMethodAccessorImpl.invoke(NativeMethodAccessorImpl.java:62)
	at java.base/jdk.internal.reflect.DelegatingMethodAccessorImpl.invoke(DelegatingMethodAccessorImpl.java:43)
	at java.base/java.lang.reflect.Method.invoke(Method.java:566)
	at org.eclipse.equinox.launcher.Main.invokeFramework(Main.java:657)
	at org.eclipse.equinox.launcher.Main.basicRun(Main.java:594)
	at org.eclipse.equinox.launcher.Main.run(Main.java:1465)
	at org.eclipse.equinox.launcher.Main.main(Main.java:1438)
Caused by: java.io.FileNotFoundException: /root/Downloads/jdatepicker-1.3.4.jar (No such file or directory)
	at java.base/java.io.FileInputStream.open0(Native Method)
	at java.base/java.io.FileInputStream.open(FileInputStream.java:219)
	at java.base/java.io.FileInputStream.<init>(FileInputStream.java:157)
	at org.eclipse.m2e.core.internal.index.nexus.NexusIndexManager.identify(NexusIndexManager.java:1263)
	at org.eclipse.m2e.core.internal.index.nexus.NexusIndexManager.identify(NexusIndexManager.java:301)
	... 58 common frames omitted
2020-12-12 03:05:36,246 [main] ERROR o.e.m.j.i.JavaElementsAdapterFactory - Can't find artifact for /root/Downloads/jdatepicker-1.3.4.jar
  <default> (...)
  org (...)
  org.jdatepicker.util (...)
  org.jdatepicker.i18n (...)
  org.jdatepicker (...)
  org.jdatepicker.impl (...)
  org.jdatepicker.graphics (...)
org.eclipse.core.runtime.CoreException: Search error
	at org.eclipse.m2e.core.internal.index.nexus.NexusIndexManager.identify(NexusIndexManager.java:304)
	at org.eclipse.m2e.core.internal.index.nexus.NexusIndex.identify(NexusIndex.java:143)
	at org.eclipse.m2e.core.internal.index.nexus.CompositeIndex.identifyAll(CompositeIndex.java:69)
	at org.eclipse.m2e.core.internal.index.nexus.CompositeIndex.identify(CompositeIndex.java:61)
	at org.eclipse.m2e.jdt.internal.BuildPathManager.findArtifactInIndex(BuildPathManager.java:478)
	at org.eclipse.m2e.jdt.internal.BuildPathManager.findArtifacts(BuildPathManager.java:422)
	at org.eclipse.m2e.jdt.internal.BuildPathManager.findArtifact(BuildPathManager.java:440)
	at org.eclipse.m2e.jdt.internal.JavaElementsAdapterFactory.getAdapter(JavaElementsAdapterFactory.java:60)
	at org.eclipse.core.internal.adapter.AdapterFactoryProxy.lambda$5(AdapterFactoryProxy.java:111)
	at java.base/java.util.Optional.map(Optional.java:265)
	at org.eclipse.core.internal.adapter.AdapterFactoryProxy.getAdapter(AdapterFactoryProxy.java:111)
	at org.eclipse.core.internal.runtime.AdapterManager.getAdapter(AdapterManager.java:299)
	at org.eclipse.core.runtime.PlatformObject.getAdapter(PlatformObject.java:72)
	at org.eclipse.m2e.core.ui.internal.actions.SelectionUtil.getType(SelectionUtil.java:151)
	at org.eclipse.m2e.core.ui.internal.actions.MavenPropertyTester.test(MavenPropertyTester.java:73)
	at org.eclipse.core.internal.expressions.Property.test(Property.java:65)
	at org.eclipse.core.expressions.TestExpression.evaluate(TestExpression.java:107)
	at org.eclipse.core.expressions.CompositeExpression.evaluateAnd(CompositeExpression.java:54)
	at org.eclipse.core.internal.expressions.EnablementExpression.evaluate(EnablementExpression.java:59)
	at org.eclipse.ui.internal.ObjectActionContributor$ObjectContribution.isApplicableTo(ObjectActionContributor.java:353)
	at org.eclipse.ui.internal.ObjectActionContributor.isApplicableTo(ObjectActionContributor.java:226)
	at org.eclipse.ui.internal.ObjectContributorManager.isApplicableTo(ObjectContributorManager.java:300)
	at org.eclipse.ui.internal.ObjectActionContributorManager.contributeObjectActions(ObjectActionContributorManager.java:89)
	at org.eclipse.ui.internal.PopupMenuExtender.addObjectActions(PopupMenuExtender.java:295)
	at org.eclipse.ui.internal.PopupMenuExtender.menuAboutToShow(PopupMenuExtender.java:367)
	at org.eclipse.jface.action.MenuManager.fireAboutToShow(MenuManager.java:338)
	at org.eclipse.jface.action.MenuManager.handleAboutToShow(MenuManager.java:468)
	at org.eclipse.jface.action.MenuManager.access$1(MenuManager.java:463)
	at org.eclipse.jface.action.MenuManager$2.menuShown(MenuManager.java:495)
	at org.eclipse.swt.widgets.TypedListener.handleEvent(TypedListener.java:259)
	at org.eclipse.swt.widgets.EventTable.sendEvent(EventTable.java:89)
	at org.eclipse.swt.widgets.Display.sendEvent(Display.java:5745)
	at org.eclipse.swt.widgets.Widget.sendEvent(Widget.java:1427)
	at org.eclipse.swt.widgets.Widget.sendEvent(Widget.java:1453)
	at org.eclipse.swt.widgets.Widget.sendEvent(Widget.java:1432)
	at org.eclipse.swt.widgets.Menu._setVisible(Menu.java:243)
	at org.eclipse.swt.widgets.Display.runPopups(Display.java:5055)
	at org.eclipse.swt.widgets.Display.readAndDispatch(Display.java:4497)
	at org.eclipse.e4.ui.internal.workbench.swt.PartRenderingEngine$5.run(PartRenderingEngine.java:1157)
	at org.eclipse.core.databinding.observable.Realm.runWithDefault(Realm.java:338)
	at org.eclipse.e4.ui.internal.workbench.swt.PartRenderingEngine.run(PartRenderingEngine.java:1046)
	at org.eclipse.e4.ui.internal.workbench.E4Workbench.createAndRunUI(E4Workbench.java:155)
	at org.eclipse.ui.internal.Workbench.lambda$3(Workbench.java:644)
	at org.eclipse.core.databinding.observable.Realm.runWithDefault(Realm.java:338)
	at org.eclipse.ui.internal.Workbench.createAndRunWorkbench(Workbench.java:551)
	at org.eclipse.ui.PlatformUI.createAndRunWorkbench(PlatformUI.java:153)
	at org.eclipse.ui.internal.ide.application.IDEApplication.start(IDEApplication.java:150)
	at org.eclipse.equinox.internal.app.EclipseAppHandle.run(EclipseAppHandle.java:203)
	at org.eclipse.core.runtime.internal.adaptor.EclipseAppLauncher.runApplication(EclipseAppLauncher.java:134)
	at org.eclipse.core.runtime.internal.adaptor.EclipseAppLauncher.start(EclipseAppLauncher.java:104)
	at org.eclipse.core.runtime.adaptor.EclipseStarter.run(EclipseStarter.java:401)
	at org.eclipse.core.runtime.adaptor.EclipseStarter.run(EclipseStarter.java:255)
	at java.base/jdk.internal.reflect.NativeMethodAccessorImpl.invoke0(Native Method)
	at java.base/jdk.internal.reflect.NativeMethodAccessorImpl.invoke(NativeMethodAccessorImpl.java:62)
	at java.base/jdk.internal.reflect.DelegatingMethodAccessorImpl.invoke(DelegatingMethodAccessorImpl.java:43)
	at java.base/java.lang.reflect.Method.invoke(Method.java:566)
	at org.eclipse.equinox.launcher.Main.invokeFramework(Main.java:657)
	at org.eclipse.equinox.launcher.Main.basicRun(Main.java:594)
	at org.eclipse.equinox.launcher.Main.run(Main.java:1465)
	at org.eclipse.equinox.launcher.Main.main(Main.java:1438)
Caused by: java.io.FileNotFoundException: /root/Downloads/jdatepicker-1.3.4.jar (No such file or directory)
	at java.base/java.io.FileInputStream.open0(Native Method)
	at java.base/java.io.FileInputStream.open(FileInputStream.java:219)
	at java.base/java.io.FileInputStream.<init>(FileInputStream.java:157)
	at org.eclipse.m2e.core.internal.index.nexus.NexusIndexManager.identify(NexusIndexManager.java:1263)
	at org.eclipse.m2e.core.internal.index.nexus.NexusIndexManager.identify(NexusIndexManager.java:301)
	... 59 common frames omitted
2020-12-12 03:05:36,247 [main] ERROR o.e.m.j.i.JavaElementsAdapterFactory - Can't find artifact for /root/Downloads/jdatepicker-1.3.4.jar
  <default> (...)
  org (...)
  org.jdatepicker.util (...)
  org.jdatepicker.i18n (...)
  org.jdatepicker (...)
  org.jdatepicker.impl (...)
  org.jdatepicker.graphics (...)
org.eclipse.core.runtime.CoreException: Search error
	at org.eclipse.m2e.core.internal.index.nexus.NexusIndexManager.identify(NexusIndexManager.java:304)
	at org.eclipse.m2e.core.internal.index.nexus.NexusIndex.identify(NexusIndex.java:143)
	at org.eclipse.m2e.core.internal.index.nexus.CompositeIndex.identifyAll(CompositeIndex.java:69)
	at org.eclipse.m2e.core.internal.index.nexus.CompositeIndex.identify(CompositeIndex.java:61)
	at org.eclipse.m2e.jdt.internal.BuildPathManager.findArtifactInIndex(BuildPathManager.java:478)
	at org.eclipse.m2e.jdt.internal.BuildPathManager.findArtifacts(BuildPathManager.java:422)
	at org.eclipse.m2e.jdt.internal.BuildPathManager.findArtifact(BuildPathManager.java:440)
	at org.eclipse.m2e.jdt.internal.JavaElementsAdapterFactory.getAdapter(JavaElementsAdapterFactory.java:60)
	at org.eclipse.core.internal.adapter.AdapterFactoryProxy.lambda$5(AdapterFactoryProxy.java:111)
	at java.base/java.util.Optional.map(Optional.java:265)
	at org.eclipse.core.internal.adapter.AdapterFactoryProxy.getAdapter(AdapterFactoryProxy.java:111)
	at org.eclipse.core.internal.runtime.AdapterManager.getAdapter(AdapterManager.java:299)
	at org.eclipse.m2e.core.ui.internal.actions.SelectionUtil.getType(SelectionUtil.java:156)
	at org.eclipse.m2e.core.ui.internal.actions.MavenPropertyTester.test(MavenPropertyTester.java:73)
	at org.eclipse.core.internal.expressions.Property.test(Property.java:65)
	at org.eclipse.core.expressions.TestExpression.evaluate(TestExpression.java:107)
	at org.eclipse.core.expressions.CompositeExpression.evaluateAnd(CompositeExpression.java:54)
	at org.eclipse.core.internal.expressions.EnablementExpression.evaluate(EnablementExpression.java:59)
	at org.eclipse.ui.internal.ObjectActionContributor$ObjectContribution.isApplicableTo(ObjectActionContributor.java:353)
	at org.eclipse.ui.internal.ObjectActionContributor.isApplicableTo(ObjectActionContributor.java:226)
	at org.eclipse.ui.internal.ObjectContributorManager.isApplicableTo(ObjectContributorManager.java:300)
	at org.eclipse.ui.internal.ObjectActionContributorManager.contributeObjectActions(ObjectActionContributorManager.java:89)
	at org.eclipse.ui.internal.PopupMenuExtender.addObjectActions(PopupMenuExtender.java:295)
	at org.eclipse.ui.internal.PopupMenuExtender.menuAboutToShow(PopupMenuExtender.java:367)
	at org.eclipse.jface.action.MenuManager.fireAboutToShow(MenuManager.java:338)
	at org.eclipse.jface.action.MenuManager.handleAboutToShow(MenuManager.java:468)
	at org.eclipse.jface.action.MenuManager.access$1(MenuManager.java:463)
	at org.eclipse.jface.action.MenuManager$2.menuShown(MenuManager.java:495)
	at org.eclipse.swt.widgets.TypedListener.handleEvent(TypedListener.java:259)
	at org.eclipse.swt.widgets.EventTable.sendEvent(EventTable.java:89)
	at org.eclipse.swt.widgets.Display.sendEvent(Display.java:5745)
	at org.eclipse.swt.widgets.Widget.sendEvent(Widget.java:1427)
	at org.eclipse.swt.widgets.Widget.sendEvent(Widget.java:1453)
	at org.eclipse.swt.widgets.Widget.sendEvent(Widget.java:1432)
	at org.eclipse.swt.widgets.Menu._setVisible(Menu.java:243)
	at org.eclipse.swt.widgets.Display.runPopups(Display.java:5055)
	at org.eclipse.swt.widgets.Display.readAndDispatch(Display.java:4497)
	at org.eclipse.e4.ui.internal.workbench.swt.PartRenderingEngine$5.run(PartRenderingEngine.java:1157)
	at org.eclipse.core.databinding.observable.Realm.runWithDefault(Realm.java:338)
	at org.eclipse.e4.ui.internal.workbench.swt.PartRenderingEngine.run(PartRenderingEngine.java:1046)
	at org.eclipse.e4.ui.internal.workbench.E4Workbench.createAndRunUI(E4Workbench.java:155)
	at org.eclipse.ui.internal.Workbench.lambda$3(Workbench.java:644)
	at org.eclipse.core.databinding.observable.Realm.runWithDefault(Realm.java:338)
	at org.eclipse.ui.internal.Workbench.createAndRunWorkbench(Workbench.java:551)
	at org.eclipse.ui.PlatformUI.createAndRunWorkbench(PlatformUI.java:153)
	at org.eclipse.ui.internal.ide.application.IDEApplication.start(IDEApplication.java:150)
	at org.eclipse.equinox.internal.app.EclipseAppHandle.run(EclipseAppHandle.java:203)
	at org.eclipse.core.runtime.internal.adaptor.EclipseAppLauncher.runApplication(EclipseAppLauncher.java:134)
	at org.eclipse.core.runtime.internal.adaptor.EclipseAppLauncher.start(EclipseAppLauncher.java:104)
	at org.eclipse.core.runtime.adaptor.EclipseStarter.run(EclipseStarter.java:401)
	at org.eclipse.core.runtime.adaptor.EclipseStarter.run(EclipseStarter.java:255)
	at java.base/jdk.internal.reflect.NativeMethodAccessorImpl.invoke0(Native Method)
	at java.base/jdk.internal.reflect.NativeMethodAccessorImpl.invoke(NativeMethodAccessorImpl.java:62)
	at java.base/jdk.internal.reflect.DelegatingMethodAccessorImpl.invoke(DelegatingMethodAccessorImpl.java:43)
	at java.base/java.lang.reflect.Method.invoke(Method.java:566)
	at org.eclipse.equinox.launcher.Main.invokeFramework(Main.java:657)
	at org.eclipse.equinox.launcher.Main.basicRun(Main.java:594)
	at org.eclipse.equinox.launcher.Main.run(Main.java:1465)
	at org.eclipse.equinox.launcher.Main.main(Main.java:1438)
Caused by: java.io.FileNotFoundException: /root/Downloads/jdatepicker-1.3.4.jar (No such file or directory)
	at java.base/java.io.FileInputStream.open0(Native Method)
	at java.base/java.io.FileInputStream.open(FileInputStream.java:219)
	at java.base/java.io.FileInputStream.<init>(FileInputStream.java:157)
	at org.eclipse.m2e.core.internal.index.nexus.NexusIndexManager.identify(NexusIndexManager.java:1263)
	at org.eclipse.m2e.core.internal.index.nexus.NexusIndexManager.identify(NexusIndexManager.java:301)
	... 58 common frames omitted
2020-12-12 11:32:04,488 [Worker-5: Loading available Gradle versions] INFO  o.e.b.c.i.u.g.PublishedGradleVersions - Gradle version information cache is up-to-date. Trying to read.
2020-12-12 11:51:40,942 [Worker-9: Loading available Gradle versions] INFO  o.e.b.c.i.u.g.PublishedGradleVersions - Gradle version information cache is up-to-date. Trying to read.
2020-12-12 20:58:03,892 [Worker-2: Loading available Gradle versions] INFO  o.e.b.c.i.u.g.PublishedGradleVersions - Gradle version information cache is up-to-date. Trying to read.
2020-12-13 02:46:28,486 [Worker-12: Loading available Gradle versions] INFO  o.e.b.c.i.u.g.PublishedGradleVersions - Gradle version information cache is up-to-date. Trying to read.
2020-12-13 12:26:42,544 [Worker-12: Loading available Gradle versions] INFO  o.e.b.c.i.u.g.PublishedGradleVersions - Gradle version information cache is up-to-date. Trying to read.
2020-12-13 20:26:33,581 [Worker-13: Loading available Gradle versions] INFO  o.e.b.c.i.u.g.PublishedGradleVersions - Gradle version information cache is out-of-date. Trying to update.
2020-12-14 01:29:32,947 [Worker-12: Loading available Gradle versions] INFO  o.e.b.c.i.u.g.PublishedGradleVersions - Gradle version information cache is up-to-date. Trying to read.
2020-12-14 03:23:10,760 [Worker-6: Loading available Gradle versions] INFO  o.e.b.c.i.u.g.PublishedGradleVersions - Gradle version information cache is up-to-date. Trying to read.
2020-12-14 03:25:49,223 [Worker-12: Loading available Gradle versions] INFO  o.e.b.c.i.u.g.PublishedGradleVersions - Gradle version information cache is up-to-date. Trying to read.
2020-12-14 04:20:38,413 [Worker-0: Loading available Gradle versions] INFO  o.e.b.c.i.u.g.PublishedGradleVersions - Gradle version information cache is up-to-date. Trying to read.
2020-12-14 06:47:28,362 [Worker-2: Loading available Gradle versions] INFO  o.e.b.c.i.u.g.PublishedGradleVersions - Gradle version information cache is up-to-date. Trying to read.
2020-12-14 13:11:23,921 [Worker-4: Loading available Gradle versions] INFO  o.e.b.c.i.u.g.PublishedGradleVersions - Gradle version information cache is up-to-date. Trying to read.
2020-12-14 19:23:37,312 [Worker-5: Loading available Gradle versions] INFO  o.e.b.c.i.u.g.PublishedGradleVersions - Gradle version information cache is up-to-date. Trying to read.
